CRITICAL - 2025-06-07 05:00:29 --> ErrorException: Undefined variable $categorias
[Method: GET, Route: /]
in APPPATH\Views\front\home_view.php on line 41.
 1 APPPATH\Views\front\home_view.php(41): CodeIgniter\Debug\Exceptions->errorHandler(2, 'Undefined variable $categorias', 'C:\\xampp\\htdocs\\tlphone\\app\\Views\\front\\home_view.php', 41)
 2 SYSTEMPATH\View\View.php(224): include('C:\\xampp\\htdocs\\tlphone\\app\\Views\\front\\home_view.php')
 3 SYSTEMPATH\View\View.php(227): CodeIgniter\View\View->CodeIgniter\View\{closure}()
 4 SYSTEMPATH\Common.php(1173): CodeIgniter\View\View->render('front/home_view', [], true)
 5 APPPATH\Controllers\Home.php(14): view('front/home_view', [...])
 6 SYSTEMPATH\CodeIgniter.php(933): App\Controllers\Home->index()
 7 SYSTEMPATH\CodeIgniter.php(507): CodeIgniter\CodeIgniter->runController(Object(App\Controllers\Home))
 8 SYSTEMPATH\CodeIgniter.php(354): CodeIgniter\CodeIgniter->handleRequest(null, Object(Config\Cache), false)
 9 SYSTEMPATH\Boot.php(334): CodeIgniter\CodeIgniter->run()
10 SYSTEMPATH\Boot.php(67): CodeIgniter\Boot::runCodeIgniter(Object(CodeIgniter\CodeIgniter))
11 FCPATH\index.php(56): CodeIgniter\Boot::bootWeb(Object(Config\Paths))
CRITICAL - 2025-06-07 05:37:27 --> ErrorException: Undefined array key "imagen"
[Method: GET, Route: carrito]
in APPPATH\Views\back\usuario\carrito.php on line 20.
 1 APPPATH\Views\back\usuario\carrito.php(20): CodeIgniter\Debug\Exceptions->errorHandler(2, 'Undefined array key "imagen"', 'C:\\xampp\\htdocs\\tlphone\\app\\Views\\back\\usuario\\carrito.php', 20)
 2 SYSTEMPATH\View\View.php(224): include('C:\\xampp\\htdocs\\tlphone\\app\\Views\\back\\usuario\\carrito.php')
 3 SYSTEMPATH\View\View.php(227): CodeIgniter\View\View->CodeIgniter\View\{closure}()
 4 SYSTEMPATH\Common.php(1173): CodeIgniter\View\View->render('back/usuario/carrito', [], true)
 5 APPPATH\Controllers\carrito_controller.php(26): view('back/usuario/carrito', [...])
 6 SYSTEMPATH\CodeIgniter.php(933): App\Controllers\carrito_controller->index()
 7 SYSTEMPATH\CodeIgniter.php(507): CodeIgniter\CodeIgniter->runController(Object(App\Controllers\carrito_controller))
 8 SYSTEMPATH\CodeIgniter.php(354): CodeIgniter\CodeIgniter->handleRequest(null, Object(Config\Cache), false)
 9 SYSTEMPATH\Boot.php(334): CodeIgniter\CodeIgniter->run()
10 SYSTEMPATH\Boot.php(67): CodeIgniter\Boot::runCodeIgniter(Object(CodeIgniter\CodeIgniter))
11 FCPATH\index.php(56): CodeIgniter\Boot::bootWeb(Object(Config\Paths))
CRITICAL - 2025-06-07 06:11:16 --> ParseError: syntax error, unexpected token "return", expecting "]"
[Method: GET, Route: carrito]
in APPPATH\Controllers\carrito_controller.php on line 56.
 1 SYSTEMPATH\Autoloader\Autoloader.php(295): CodeIgniter\Autoloader\Autoloader->includeFile('C:\\xampp\\htdocs\\tlphone\\app\\Controllers\\Carrito_controller.php')
 2 SYSTEMPATH\Autoloader\Autoloader.php(271): CodeIgniter\Autoloader\Autoloader->loadInNamespace('App\\Controllers\\Carrito_controller')
 3 [internal function]: CodeIgniter\Autoloader\Autoloader->loadClass('App\\Controllers\\Carrito_controller')
 4 SYSTEMPATH\CodeIgniter.php(885): class_exists('\\App\\Controllers\\Carrito_controller', true)
 5 SYSTEMPATH\CodeIgniter.php(494): CodeIgniter\CodeIgniter->startController()
 6 SYSTEMPATH\CodeIgniter.php(354): CodeIgniter\CodeIgniter->handleRequest(null, Object(Config\Cache), false)
 7 SYSTEMPATH\Boot.php(334): CodeIgniter\CodeIgniter->run()
 8 SYSTEMPATH\Boot.php(67): CodeIgniter\Boot::runCodeIgniter(Object(CodeIgniter\CodeIgniter))
 9 FCPATH\index.php(56): CodeIgniter\Boot::bootWeb(Object(Config\Paths))
CRITICAL - 2025-06-07 22:17:22 --> Error: Class "App\Models\Ventas_cabecera_model" not found
[Method: POST, Route: ventas/registrar_venta]
in APPPATH\Controllers\Ventas_controller.php on line 20.
 1 SYSTEMPATH\CodeIgniter.php(933): App\Controllers\Ventas_controller->registrar_venta()
 2 SYSTEMPATH\CodeIgniter.php(507): CodeIgniter\CodeIgniter->runController(Object(App\Controllers\Ventas_controller))
 3 SYSTEMPATH\CodeIgniter.php(354): CodeIgniter\CodeIgniter->handleRequest(null, Object(Config\Cache), false)
 4 SYSTEMPATH\Boot.php(334): CodeIgniter\CodeIgniter->run()
 5 SYSTEMPATH\Boot.php(67): CodeIgniter\Boot::runCodeIgniter(Object(CodeIgniter\CodeIgniter))
 6 FCPATH\index.php(56): CodeIgniter\Boot::bootWeb(Object(Config\Paths))
ERROR - 2025-06-07 22:19:35 --> mysqli_sql_exception: Unknown column 'categorias_id' in 'on clause' in C:\xampp\htdocs\tlphone\system\Database\MySQLi\Connection.php:327
Stack trace:
#0 C:\xampp\htdocs\tlphone\system\Database\MySQLi\Connection.php(327): mysqli->query('SELECT *\nFROM `...', 0)
#1 C:\xampp\htdocs\tlphone\system\Database\BaseConnection.php(738): CodeIgniter\Database\MySQLi\Connection->execute('SELECT *\nFROM `...')
#2 C:\xampp\htdocs\tlphone\system\Database\BaseConnection.php(652): CodeIgniter\Database\BaseConnection->simpleQuery('SELECT *\nFROM `...')
#3 C:\xampp\htdocs\tlphone\system\Database\BaseBuilder.php(1649): CodeIgniter\Database\BaseConnection->query('SELECT *\nFROM `...', Array, false)
#4 C:\xampp\htdocs\tlphone\app\Models\Producto_model.php(26): CodeIgniter\Database\BaseBuilder->get()
#5 C:\xampp\htdocs\tlphone\app\Controllers\Ventas_controller.php(28): App\Models\Producto_model->getProducto('10')
#6 C:\xampp\htdocs\tlphone\system\CodeIgniter.php(933): App\Controllers\Ventas_controller->registrar_venta()
#7 C:\xampp\htdocs\tlphone\system\CodeIgniter.php(507): CodeIgniter\CodeIgniter->runController(Object(App\Controllers\Ventas_controller))
#8 C:\xampp\htdocs\tlphone\system\CodeIgniter.php(354): CodeIgniter\CodeIgniter->handleRequest(NULL, Object(Config\Cache), false)
#9 C:\xampp\htdocs\tlphone\system\Boot.php(334): CodeIgniter\CodeIgniter->run()
#10 C:\xampp\htdocs\tlphone\system\Boot.php(67): CodeIgniter\Boot::runCodeIgniter(Object(CodeIgniter\CodeIgniter))
#11 C:\xampp\htdocs\tlphone\index.php(56): CodeIgniter\Boot::bootWeb(Object(Config\Paths))
#12 {main}
CRITICAL - 2025-06-07 22:19:35 --> CodeIgniter\Database\Exceptions\DatabaseException: Unknown column 'categorias_id' in 'on clause'
[Method: POST, Route: ventas/registrar_venta]
in SYSTEMPATH\Database\BaseConnection.php on line 692.
 1 SYSTEMPATH\Database\BaseBuilder.php(1649): CodeIgniter\Database\BaseConnection->query('SELECT *
FROM `productos`
JOIN `categorias` ON `categorias_id` = `productos`.`categoria_id`
WHERE `productos`.`id` = :productos.id:', [...], false)
 2 APPPATH\Models\Producto_model.php(26): CodeIgniter\Database\BaseBuilder->get()
 3 APPPATH\Controllers\Ventas_controller.php(28): App\Models\Producto_model->getProducto('10')
 4 SYSTEMPATH\CodeIgniter.php(933): App\Controllers\Ventas_controller->registrar_venta()
 5 SYSTEMPATH\CodeIgniter.php(507): CodeIgniter\CodeIgniter->runController(Object(App\Controllers\Ventas_controller))
 6 SYSTEMPATH\CodeIgniter.php(354): CodeIgniter\CodeIgniter->handleRequest(null, Object(Config\Cache), false)
 7 SYSTEMPATH\Boot.php(334): CodeIgniter\CodeIgniter->run()
 8 SYSTEMPATH\Boot.php(67): CodeIgniter\Boot::runCodeIgniter(Object(CodeIgniter\CodeIgniter))
 9 FCPATH\index.php(56): CodeIgniter\Boot::bootWeb(Object(Config\Paths))
CRITICAL - 2025-06-07 22:19:35 --> [Caused by] CodeIgniter\Database\Exceptions\DatabaseException: Unknown column 'categorias_id' in 'on clause'
in SYSTEMPATH\Database\MySQLi\Connection.php on line 332.
 1 SYSTEMPATH\Database\BaseConnection.php(738): CodeIgniter\Database\MySQLi\Connection->execute('SELECT *
FROM `productos`
JOIN `categorias` ON `categorias_id` = `productos`.`categoria_id`
WHERE `productos`.`id` = \'10\'')
 2 SYSTEMPATH\Database\BaseConnection.php(652): CodeIgniter\Database\BaseConnection->simpleQuery('SELECT *
FROM `productos`
JOIN `categorias` ON `categorias_id` = `productos`.`categoria_id`
WHERE `productos`.`id` = \'10\'')
 3 SYSTEMPATH\Database\BaseBuilder.php(1649): CodeIgniter\Database\BaseConnection->query('SELECT *
FROM `productos`
JOIN `categorias` ON `categorias_id` = `productos`.`categoria_id`
WHERE `productos`.`id` = :productos.id:', [...], false)
 4 APPPATH\Models\Producto_model.php(26): CodeIgniter\Database\BaseBuilder->get()
 5 APPPATH\Controllers\Ventas_controller.php(28): App\Models\Producto_model->getProducto('10')
 6 SYSTEMPATH\CodeIgniter.php(933): App\Controllers\Ventas_controller->registrar_venta()
 7 SYSTEMPATH\CodeIgniter.php(507): CodeIgniter\CodeIgniter->runController(Object(App\Controllers\Ventas_controller))
 8 SYSTEMPATH\CodeIgniter.php(354): CodeIgniter\CodeIgniter->handleRequest(null, Object(Config\Cache), false)
 9 SYSTEMPATH\Boot.php(334): CodeIgniter\CodeIgniter->run()
10 SYSTEMPATH\Boot.php(67): CodeIgniter\Boot::runCodeIgniter(Object(CodeIgniter\CodeIgniter))
11 FCPATH\index.php(56): CodeIgniter\Boot::bootWeb(Object(Config\Paths))
CRITICAL - 2025-06-07 22:19:35 --> [Caused by] mysqli_sql_exception: Unknown column 'categorias_id' in 'on clause'
in SYSTEMPATH\Database\MySQLi\Connection.php on line 327.
 1 SYSTEMPATH\Database\MySQLi\Connection.php(327): mysqli->query('SELECT *
FROM `productos`
JOIN `categorias` ON `categorias_id` = `productos`.`categoria_id`
WHERE `productos`.`id` = \'10\'', 0)
 2 SYSTEMPATH\Database\BaseConnection.php(738): CodeIgniter\Database\MySQLi\Connection->execute('SELECT *
FROM `productos`
JOIN `categorias` ON `categorias_id` = `productos`.`categoria_id`
WHERE `productos`.`id` = \'10\'')
 3 SYSTEMPATH\Database\BaseConnection.php(652): CodeIgniter\Database\BaseConnection->simpleQuery('SELECT *
FROM `productos`
JOIN `categorias` ON `categorias_id` = `productos`.`categoria_id`
WHERE `productos`.`id` = \'10\'')
 4 SYSTEMPATH\Database\BaseBuilder.php(1649): CodeIgniter\Database\BaseConnection->query('SELECT *
FROM `productos`
JOIN `categorias` ON `categorias_id` = `productos`.`categoria_id`
WHERE `productos`.`id` = :productos.id:', [...], false)
 5 APPPATH\Models\Producto_model.php(26): CodeIgniter\Database\BaseBuilder->get()
 6 APPPATH\Controllers\Ventas_controller.php(28): App\Models\Producto_model->getProducto('10')
 7 SYSTEMPATH\CodeIgniter.php(933): App\Controllers\Ventas_controller->registrar_venta()
 8 SYSTEMPATH\CodeIgniter.php(507): CodeIgniter\CodeIgniter->runController(Object(App\Controllers\Ventas_controller))
 9 SYSTEMPATH\CodeIgniter.php(354): CodeIgniter\CodeIgniter->handleRequest(null, Object(Config\Cache), false)
10 SYSTEMPATH\Boot.php(334): CodeIgniter\CodeIgniter->run()
11 SYSTEMPATH\Boot.php(67): CodeIgniter\Boot::runCodeIgniter(Object(CodeIgniter\CodeIgniter))
12 FCPATH\index.php(56): CodeIgniter\Boot::bootWeb(Object(Config\Paths))
ERROR - 2025-06-07 22:23:18 --> mysqli_sql_exception: Unknown column 'categorias_id' in 'on clause' in C:\xampp\htdocs\tlphone\system\Database\MySQLi\Connection.php:327
Stack trace:
#0 C:\xampp\htdocs\tlphone\system\Database\MySQLi\Connection.php(327): mysqli->query('SELECT *\nFROM `...', 0)
#1 C:\xampp\htdocs\tlphone\system\Database\BaseConnection.php(738): CodeIgniter\Database\MySQLi\Connection->execute('SELECT *\nFROM `...')
#2 C:\xampp\htdocs\tlphone\system\Database\BaseConnection.php(652): CodeIgniter\Database\BaseConnection->simpleQuery('SELECT *\nFROM `...')
#3 C:\xampp\htdocs\tlphone\system\Database\BaseBuilder.php(1649): CodeIgniter\Database\BaseConnection->query('SELECT *\nFROM `...', Array, false)
#4 C:\xampp\htdocs\tlphone\app\Models\Producto_model.php(26): CodeIgniter\Database\BaseBuilder->get()
#5 C:\xampp\htdocs\tlphone\app\Controllers\Ventas_controller.php(28): App\Models\Producto_model->getProducto('10')
#6 C:\xampp\htdocs\tlphone\system\CodeIgniter.php(933): App\Controllers\Ventas_controller->registrar_venta()
#7 C:\xampp\htdocs\tlphone\system\CodeIgniter.php(507): CodeIgniter\CodeIgniter->runController(Object(App\Controllers\Ventas_controller))
#8 C:\xampp\htdocs\tlphone\system\CodeIgniter.php(354): CodeIgniter\CodeIgniter->handleRequest(NULL, Object(Config\Cache), false)
#9 C:\xampp\htdocs\tlphone\system\Boot.php(334): CodeIgniter\CodeIgniter->run()
#10 C:\xampp\htdocs\tlphone\system\Boot.php(67): CodeIgniter\Boot::runCodeIgniter(Object(CodeIgniter\CodeIgniter))
#11 C:\xampp\htdocs\tlphone\index.php(56): CodeIgniter\Boot::bootWeb(Object(Config\Paths))
#12 {main}
CRITICAL - 2025-06-07 22:23:18 --> CodeIgniter\Database\Exceptions\DatabaseException: Unknown column 'categorias_id' in 'on clause'
[Method: POST, Route: ventas/registrar_venta]
in SYSTEMPATH\Database\BaseConnection.php on line 692.
 1 SYSTEMPATH\Database\BaseBuilder.php(1649): CodeIgniter\Database\BaseConnection->query('SELECT *
FROM `productos`
JOIN `categorias` ON `categorias_id` = `productos`.`categoria_id`
WHERE `productos`.`id` = :productos.id:', [...], false)
 2 APPPATH\Models\Producto_model.php(26): CodeIgniter\Database\BaseBuilder->get()
 3 APPPATH\Controllers\Ventas_controller.php(28): App\Models\Producto_model->getProducto('10')
 4 SYSTEMPATH\CodeIgniter.php(933): App\Controllers\Ventas_controller->registrar_venta()
 5 SYSTEMPATH\CodeIgniter.php(507): CodeIgniter\CodeIgniter->runController(Object(App\Controllers\Ventas_controller))
 6 SYSTEMPATH\CodeIgniter.php(354): CodeIgniter\CodeIgniter->handleRequest(null, Object(Config\Cache), false)
 7 SYSTEMPATH\Boot.php(334): CodeIgniter\CodeIgniter->run()
 8 SYSTEMPATH\Boot.php(67): CodeIgniter\Boot::runCodeIgniter(Object(CodeIgniter\CodeIgniter))
 9 FCPATH\index.php(56): CodeIgniter\Boot::bootWeb(Object(Config\Paths))
CRITICAL - 2025-06-07 22:23:18 --> [Caused by] CodeIgniter\Database\Exceptions\DatabaseException: Unknown column 'categorias_id' in 'on clause'
in SYSTEMPATH\Database\MySQLi\Connection.php on line 332.
 1 SYSTEMPATH\Database\BaseConnection.php(738): CodeIgniter\Database\MySQLi\Connection->execute('SELECT *
FROM `productos`
JOIN `categorias` ON `categorias_id` = `productos`.`categoria_id`
WHERE `productos`.`id` = \'10\'')
 2 SYSTEMPATH\Database\BaseConnection.php(652): CodeIgniter\Database\BaseConnection->simpleQuery('SELECT *
FROM `productos`
JOIN `categorias` ON `categorias_id` = `productos`.`categoria_id`
WHERE `productos`.`id` = \'10\'')
 3 SYSTEMPATH\Database\BaseBuilder.php(1649): CodeIgniter\Database\BaseConnection->query('SELECT *
FROM `productos`
JOIN `categorias` ON `categorias_id` = `productos`.`categoria_id`
WHERE `productos`.`id` = :productos.id:', [...], false)
 4 APPPATH\Models\Producto_model.php(26): CodeIgniter\Database\BaseBuilder->get()
 5 APPPATH\Controllers\Ventas_controller.php(28): App\Models\Producto_model->getProducto('10')
 6 SYSTEMPATH\CodeIgniter.php(933): App\Controllers\Ventas_controller->registrar_venta()
 7 SYSTEMPATH\CodeIgniter.php(507): CodeIgniter\CodeIgniter->runController(Object(App\Controllers\Ventas_controller))
 8 SYSTEMPATH\CodeIgniter.php(354): CodeIgniter\CodeIgniter->handleRequest(null, Object(Config\Cache), false)
 9 SYSTEMPATH\Boot.php(334): CodeIgniter\CodeIgniter->run()
10 SYSTEMPATH\Boot.php(67): CodeIgniter\Boot::runCodeIgniter(Object(CodeIgniter\CodeIgniter))
11 FCPATH\index.php(56): CodeIgniter\Boot::bootWeb(Object(Config\Paths))
CRITICAL - 2025-06-07 22:23:18 --> [Caused by] mysqli_sql_exception: Unknown column 'categorias_id' in 'on clause'
in SYSTEMPATH\Database\MySQLi\Connection.php on line 327.
 1 SYSTEMPATH\Database\MySQLi\Connection.php(327): mysqli->query('SELECT *
FROM `productos`
JOIN `categorias` ON `categorias_id` = `productos`.`categoria_id`
WHERE `productos`.`id` = \'10\'', 0)
 2 SYSTEMPATH\Database\BaseConnection.php(738): CodeIgniter\Database\MySQLi\Connection->execute('SELECT *
FROM `productos`
JOIN `categorias` ON `categorias_id` = `productos`.`categoria_id`
WHERE `productos`.`id` = \'10\'')
 3 SYSTEMPATH\Database\BaseConnection.php(652): CodeIgniter\Database\BaseConnection->simpleQuery('SELECT *
FROM `productos`
JOIN `categorias` ON `categorias_id` = `productos`.`categoria_id`
WHERE `productos`.`id` = \'10\'')
 4 SYSTEMPATH\Database\BaseBuilder.php(1649): CodeIgniter\Database\BaseConnection->query('SELECT *
FROM `productos`
JOIN `categorias` ON `categorias_id` = `productos`.`categoria_id`
WHERE `productos`.`id` = :productos.id:', [...], false)
 5 APPPATH\Models\Producto_model.php(26): CodeIgniter\Database\BaseBuilder->get()
 6 APPPATH\Controllers\Ventas_controller.php(28): App\Models\Producto_model->getProducto('10')
 7 SYSTEMPATH\CodeIgniter.php(933): App\Controllers\Ventas_controller->registrar_venta()
 8 SYSTEMPATH\CodeIgniter.php(507): CodeIgniter\CodeIgniter->runController(Object(App\Controllers\Ventas_controller))
 9 SYSTEMPATH\CodeIgniter.php(354): CodeIgniter\CodeIgniter->handleRequest(null, Object(Config\Cache), false)
10 SYSTEMPATH\Boot.php(334): CodeIgniter\CodeIgniter->run()
11 SYSTEMPATH\Boot.php(67): CodeIgniter\Boot::runCodeIgniter(Object(CodeIgniter\CodeIgniter))
12 FCPATH\index.php(56): CodeIgniter\Boot::bootWeb(Object(Config\Paths))
ERROR - 2025-06-07 22:24:06 --> mysqli_sql_exception: Unknown column 'categorias_id' in 'on clause' in C:\xampp\htdocs\tlphone\system\Database\MySQLi\Connection.php:327
Stack trace:
#0 C:\xampp\htdocs\tlphone\system\Database\MySQLi\Connection.php(327): mysqli->query('SELECT *\nFROM `...', 0)
#1 C:\xampp\htdocs\tlphone\system\Database\BaseConnection.php(738): CodeIgniter\Database\MySQLi\Connection->execute('SELECT *\nFROM `...')
#2 C:\xampp\htdocs\tlphone\system\Database\BaseConnection.php(652): CodeIgniter\Database\BaseConnection->simpleQuery('SELECT *\nFROM `...')
#3 C:\xampp\htdocs\tlphone\system\Database\BaseBuilder.php(1649): CodeIgniter\Database\BaseConnection->query('SELECT *\nFROM `...', Array, false)
#4 C:\xampp\htdocs\tlphone\app\Models\Producto_model.php(26): CodeIgniter\Database\BaseBuilder->get()
#5 C:\xampp\htdocs\tlphone\app\Controllers\Ventas_controller.php(28): App\Models\Producto_model->getProducto('10')
#6 C:\xampp\htdocs\tlphone\system\CodeIgniter.php(933): App\Controllers\Ventas_controller->registrar_venta()
#7 C:\xampp\htdocs\tlphone\system\CodeIgniter.php(507): CodeIgniter\CodeIgniter->runController(Object(App\Controllers\Ventas_controller))
#8 C:\xampp\htdocs\tlphone\system\CodeIgniter.php(354): CodeIgniter\CodeIgniter->handleRequest(NULL, Object(Config\Cache), false)
#9 C:\xampp\htdocs\tlphone\system\Boot.php(334): CodeIgniter\CodeIgniter->run()
#10 C:\xampp\htdocs\tlphone\system\Boot.php(67): CodeIgniter\Boot::runCodeIgniter(Object(CodeIgniter\CodeIgniter))
#11 C:\xampp\htdocs\tlphone\index.php(56): CodeIgniter\Boot::bootWeb(Object(Config\Paths))
#12 {main}
CRITICAL - 2025-06-07 22:24:06 --> CodeIgniter\Database\Exceptions\DatabaseException: Unknown column 'categorias_id' in 'on clause'
[Method: POST, Route: ventas/registrar_venta]
in SYSTEMPATH\Database\BaseConnection.php on line 692.
 1 SYSTEMPATH\Database\BaseBuilder.php(1649): CodeIgniter\Database\BaseConnection->query('SELECT *
FROM `productos`
JOIN `categorias` ON `categorias_id` = `productos`.`categoria_id`
WHERE `productos`.`id` = :productos.id:', [...], false)
 2 APPPATH\Models\Producto_model.php(26): CodeIgniter\Database\BaseBuilder->get()
 3 APPPATH\Controllers\Ventas_controller.php(28): App\Models\Producto_model->getProducto('10')
 4 SYSTEMPATH\CodeIgniter.php(933): App\Controllers\Ventas_controller->registrar_venta()
 5 SYSTEMPATH\CodeIgniter.php(507): CodeIgniter\CodeIgniter->runController(Object(App\Controllers\Ventas_controller))
 6 SYSTEMPATH\CodeIgniter.php(354): CodeIgniter\CodeIgniter->handleRequest(null, Object(Config\Cache), false)
 7 SYSTEMPATH\Boot.php(334): CodeIgniter\CodeIgniter->run()
 8 SYSTEMPATH\Boot.php(67): CodeIgniter\Boot::runCodeIgniter(Object(CodeIgniter\CodeIgniter))
 9 FCPATH\index.php(56): CodeIgniter\Boot::bootWeb(Object(Config\Paths))
CRITICAL - 2025-06-07 22:24:06 --> [Caused by] CodeIgniter\Database\Exceptions\DatabaseException: Unknown column 'categorias_id' in 'on clause'
in SYSTEMPATH\Database\MySQLi\Connection.php on line 332.
 1 SYSTEMPATH\Database\BaseConnection.php(738): CodeIgniter\Database\MySQLi\Connection->execute('SELECT *
FROM `productos`
JOIN `categorias` ON `categorias_id` = `productos`.`categoria_id`
WHERE `productos`.`id` = \'10\'')
 2 SYSTEMPATH\Database\BaseConnection.php(652): CodeIgniter\Database\BaseConnection->simpleQuery('SELECT *
FROM `productos`
JOIN `categorias` ON `categorias_id` = `productos`.`categoria_id`
WHERE `productos`.`id` = \'10\'')
 3 SYSTEMPATH\Database\BaseBuilder.php(1649): CodeIgniter\Database\BaseConnection->query('SELECT *
FROM `productos`
JOIN `categorias` ON `categorias_id` = `productos`.`categoria_id`
WHERE `productos`.`id` = :productos.id:', [...], false)
 4 APPPATH\Models\Producto_model.php(26): CodeIgniter\Database\BaseBuilder->get()
 5 APPPATH\Controllers\Ventas_controller.php(28): App\Models\Producto_model->getProducto('10')
 6 SYSTEMPATH\CodeIgniter.php(933): App\Controllers\Ventas_controller->registrar_venta()
 7 SYSTEMPATH\CodeIgniter.php(507): CodeIgniter\CodeIgniter->runController(Object(App\Controllers\Ventas_controller))
 8 SYSTEMPATH\CodeIgniter.php(354): CodeIgniter\CodeIgniter->handleRequest(null, Object(Config\Cache), false)
 9 SYSTEMPATH\Boot.php(334): CodeIgniter\CodeIgniter->run()
10 SYSTEMPATH\Boot.php(67): CodeIgniter\Boot::runCodeIgniter(Object(CodeIgniter\CodeIgniter))
11 FCPATH\index.php(56): CodeIgniter\Boot::bootWeb(Object(Config\Paths))
CRITICAL - 2025-06-07 22:24:06 --> [Caused by] mysqli_sql_exception: Unknown column 'categorias_id' in 'on clause'
in SYSTEMPATH\Database\MySQLi\Connection.php on line 327.
 1 SYSTEMPATH\Database\MySQLi\Connection.php(327): mysqli->query('SELECT *
FROM `productos`
JOIN `categorias` ON `categorias_id` = `productos`.`categoria_id`
WHERE `productos`.`id` = \'10\'', 0)
 2 SYSTEMPATH\Database\BaseConnection.php(738): CodeIgniter\Database\MySQLi\Connection->execute('SELECT *
FROM `productos`
JOIN `categorias` ON `categorias_id` = `productos`.`categoria_id`
WHERE `productos`.`id` = \'10\'')
 3 SYSTEMPATH\Database\BaseConnection.php(652): CodeIgniter\Database\BaseConnection->simpleQuery('SELECT *
FROM `productos`
JOIN `categorias` ON `categorias_id` = `productos`.`categoria_id`
WHERE `productos`.`id` = \'10\'')
 4 SYSTEMPATH\Database\BaseBuilder.php(1649): CodeIgniter\Database\BaseConnection->query('SELECT *
FROM `productos`
JOIN `categorias` ON `categorias_id` = `productos`.`categoria_id`
WHERE `productos`.`id` = :productos.id:', [...], false)
 5 APPPATH\Models\Producto_model.php(26): CodeIgniter\Database\BaseBuilder->get()
 6 APPPATH\Controllers\Ventas_controller.php(28): App\Models\Producto_model->getProducto('10')
 7 SYSTEMPATH\CodeIgniter.php(933): App\Controllers\Ventas_controller->registrar_venta()
 8 SYSTEMPATH\CodeIgniter.php(507): CodeIgniter\CodeIgniter->runController(Object(App\Controllers\Ventas_controller))
 9 SYSTEMPATH\CodeIgniter.php(354): CodeIgniter\CodeIgniter->handleRequest(null, Object(Config\Cache), false)
10 SYSTEMPATH\Boot.php(334): CodeIgniter\CodeIgniter->run()
11 SYSTEMPATH\Boot.php(67): CodeIgniter\Boot::runCodeIgniter(Object(CodeIgniter\CodeIgniter))
12 FCPATH\index.php(56): CodeIgniter\Boot::bootWeb(Object(Config\Paths))
CRITICAL - 2025-06-07 22:29:44 --> CodeIgniter\Exceptions\BadMethodCallException: Call to undefined method App\Models\Ventas_cabecera_model::getVentas
[Method: GET, Route: ventas/mis_compras]
in SYSTEMPATH\Model.php on line 930.
 1 APPPATH\Controllers\Ventas_controller.php(79): CodeIgniter\Model->__call('getVentas', [...])
 2 SYSTEMPATH\CodeIgniter.php(933): App\Controllers\Ventas_controller->mis_compras()
 3 SYSTEMPATH\CodeIgniter.php(507): CodeIgniter\CodeIgniter->runController(Object(App\Controllers\Ventas_controller))
 4 SYSTEMPATH\CodeIgniter.php(354): CodeIgniter\CodeIgniter->handleRequest(null, Object(Config\Cache), false)
 5 SYSTEMPATH\Boot.php(334): CodeIgniter\CodeIgniter->run()
 6 SYSTEMPATH\Boot.php(67): CodeIgniter\Boot::runCodeIgniter(Object(CodeIgniter\CodeIgniter))
 7 FCPATH\index.php(56): CodeIgniter\Boot::bootWeb(Object(Config\Paths))
ERROR - 2025-06-07 22:31:57 --> mysqli_sql_exception: Unknown column 'categorias_id' in 'on clause' in C:\xampp\htdocs\tlphone\system\Database\MySQLi\Connection.php:327
Stack trace:
#0 C:\xampp\htdocs\tlphone\system\Database\MySQLi\Connection.php(327): mysqli->query('SELECT *\nFROM `...', 0)
#1 C:\xampp\htdocs\tlphone\system\Database\BaseConnection.php(738): CodeIgniter\Database\MySQLi\Connection->execute('SELECT *\nFROM `...')
#2 C:\xampp\htdocs\tlphone\system\Database\BaseConnection.php(652): CodeIgniter\Database\BaseConnection->simpleQuery('SELECT *\nFROM `...')
#3 C:\xampp\htdocs\tlphone\system\Database\BaseBuilder.php(1649): CodeIgniter\Database\BaseConnection->query('SELECT *\nFROM `...', Array, false)
#4 C:\xampp\htdocs\tlphone\app\Models\Producto_model.php(26): CodeIgniter\Database\BaseBuilder->get()
#5 C:\xampp\htdocs\tlphone\app\Controllers\Ventas_controller.php(28): App\Models\Producto_model->getProducto('10')
#6 C:\xampp\htdocs\tlphone\system\CodeIgniter.php(933): App\Controllers\Ventas_controller->registrar_venta()
#7 C:\xampp\htdocs\tlphone\system\CodeIgniter.php(507): CodeIgniter\CodeIgniter->runController(Object(App\Controllers\Ventas_controller))
#8 C:\xampp\htdocs\tlphone\system\CodeIgniter.php(354): CodeIgniter\CodeIgniter->handleRequest(NULL, Object(Config\Cache), false)
#9 C:\xampp\htdocs\tlphone\system\Boot.php(334): CodeIgniter\CodeIgniter->run()
#10 C:\xampp\htdocs\tlphone\system\Boot.php(67): CodeIgniter\Boot::runCodeIgniter(Object(CodeIgniter\CodeIgniter))
#11 C:\xampp\htdocs\tlphone\index.php(56): CodeIgniter\Boot::bootWeb(Object(Config\Paths))
#12 {main}
CRITICAL - 2025-06-07 22:31:57 --> CodeIgniter\Database\Exceptions\DatabaseException: Unknown column 'categorias_id' in 'on clause'
[Method: POST, Route: ventas/registrar_venta]
in SYSTEMPATH\Database\BaseConnection.php on line 692.
 1 SYSTEMPATH\Database\BaseBuilder.php(1649): CodeIgniter\Database\BaseConnection->query('SELECT *
FROM `productos`
JOIN `categorias` ON `categorias_id` = `productos`.`categoria_id`
WHERE `productos`.`id` = :productos.id:', [...], false)
 2 APPPATH\Models\Producto_model.php(26): CodeIgniter\Database\BaseBuilder->get()
 3 APPPATH\Controllers\Ventas_controller.php(28): App\Models\Producto_model->getProducto('10')
 4 SYSTEMPATH\CodeIgniter.php(933): App\Controllers\Ventas_controller->registrar_venta()
 5 SYSTEMPATH\CodeIgniter.php(507): CodeIgniter\CodeIgniter->runController(Object(App\Controllers\Ventas_controller))
 6 SYSTEMPATH\CodeIgniter.php(354): CodeIgniter\CodeIgniter->handleRequest(null, Object(Config\Cache), false)
 7 SYSTEMPATH\Boot.php(334): CodeIgniter\CodeIgniter->run()
 8 SYSTEMPATH\Boot.php(67): CodeIgniter\Boot::runCodeIgniter(Object(CodeIgniter\CodeIgniter))
 9 FCPATH\index.php(56): CodeIgniter\Boot::bootWeb(Object(Config\Paths))
CRITICAL - 2025-06-07 22:31:57 --> [Caused by] CodeIgniter\Database\Exceptions\DatabaseException: Unknown column 'categorias_id' in 'on clause'
in SYSTEMPATH\Database\MySQLi\Connection.php on line 332.
 1 SYSTEMPATH\Database\BaseConnection.php(738): CodeIgniter\Database\MySQLi\Connection->execute('SELECT *
FROM `productos`
JOIN `categorias` ON `categorias_id` = `productos`.`categoria_id`
WHERE `productos`.`id` = \'10\'')
 2 SYSTEMPATH\Database\BaseConnection.php(652): CodeIgniter\Database\BaseConnection->simpleQuery('SELECT *
FROM `productos`
JOIN `categorias` ON `categorias_id` = `productos`.`categoria_id`
WHERE `productos`.`id` = \'10\'')
 3 SYSTEMPATH\Database\BaseBuilder.php(1649): CodeIgniter\Database\BaseConnection->query('SELECT *
FROM `productos`
JOIN `categorias` ON `categorias_id` = `productos`.`categoria_id`
WHERE `productos`.`id` = :productos.id:', [...], false)
 4 APPPATH\Models\Producto_model.php(26): CodeIgniter\Database\BaseBuilder->get()
 5 APPPATH\Controllers\Ventas_controller.php(28): App\Models\Producto_model->getProducto('10')
 6 SYSTEMPATH\CodeIgniter.php(933): App\Controllers\Ventas_controller->registrar_venta()
 7 SYSTEMPATH\CodeIgniter.php(507): CodeIgniter\CodeIgniter->runController(Object(App\Controllers\Ventas_controller))
 8 SYSTEMPATH\CodeIgniter.php(354): CodeIgniter\CodeIgniter->handleRequest(null, Object(Config\Cache), false)
 9 SYSTEMPATH\Boot.php(334): CodeIgniter\CodeIgniter->run()
10 SYSTEMPATH\Boot.php(67): CodeIgniter\Boot::runCodeIgniter(Object(CodeIgniter\CodeIgniter))
11 FCPATH\index.php(56): CodeIgniter\Boot::bootWeb(Object(Config\Paths))
CRITICAL - 2025-06-07 22:31:57 --> [Caused by] mysqli_sql_exception: Unknown column 'categorias_id' in 'on clause'
in SYSTEMPATH\Database\MySQLi\Connection.php on line 327.
 1 SYSTEMPATH\Database\MySQLi\Connection.php(327): mysqli->query('SELECT *
FROM `productos`
JOIN `categorias` ON `categorias_id` = `productos`.`categoria_id`
WHERE `productos`.`id` = \'10\'', 0)
 2 SYSTEMPATH\Database\BaseConnection.php(738): CodeIgniter\Database\MySQLi\Connection->execute('SELECT *
FROM `productos`
JOIN `categorias` ON `categorias_id` = `productos`.`categoria_id`
WHERE `productos`.`id` = \'10\'')
 3 SYSTEMPATH\Database\BaseConnection.php(652): CodeIgniter\Database\BaseConnection->simpleQuery('SELECT *
FROM `productos`
JOIN `categorias` ON `categorias_id` = `productos`.`categoria_id`
WHERE `productos`.`id` = \'10\'')
 4 SYSTEMPATH\Database\BaseBuilder.php(1649): CodeIgniter\Database\BaseConnection->query('SELECT *
FROM `productos`
JOIN `categorias` ON `categorias_id` = `productos`.`categoria_id`
WHERE `productos`.`id` = :productos.id:', [...], false)
 5 APPPATH\Models\Producto_model.php(26): CodeIgniter\Database\BaseBuilder->get()
 6 APPPATH\Controllers\Ventas_controller.php(28): App\Models\Producto_model->getProducto('10')
 7 SYSTEMPATH\CodeIgniter.php(933): App\Controllers\Ventas_controller->registrar_venta()
 8 SYSTEMPATH\CodeIgniter.php(507): CodeIgniter\CodeIgniter->runController(Object(App\Controllers\Ventas_controller))
 9 SYSTEMPATH\CodeIgniter.php(354): CodeIgniter\CodeIgniter->handleRequest(null, Object(Config\Cache), false)
10 SYSTEMPATH\Boot.php(334): CodeIgniter\CodeIgniter->run()
11 SYSTEMPATH\Boot.php(67): CodeIgniter\Boot::runCodeIgniter(Object(CodeIgniter\CodeIgniter))
12 FCPATH\index.php(56): CodeIgniter\Boot::bootWeb(Object(Config\Paths))
ERROR - 2025-06-07 22:33:13 --> mysqli_sql_exception: Unknown column 'categorias_id' in 'on clause' in C:\xampp\htdocs\tlphone\system\Database\MySQLi\Connection.php:327
Stack trace:
#0 C:\xampp\htdocs\tlphone\system\Database\MySQLi\Connection.php(327): mysqli->query('SELECT *\nFROM `...', 0)
#1 C:\xampp\htdocs\tlphone\system\Database\BaseConnection.php(738): CodeIgniter\Database\MySQLi\Connection->execute('SELECT *\nFROM `...')
#2 C:\xampp\htdocs\tlphone\system\Database\BaseConnection.php(652): CodeIgniter\Database\BaseConnection->simpleQuery('SELECT *\nFROM `...')
#3 C:\xampp\htdocs\tlphone\system\Database\BaseBuilder.php(1649): CodeIgniter\Database\BaseConnection->query('SELECT *\nFROM `...', Array, false)
#4 C:\xampp\htdocs\tlphone\app\Models\Producto_model.php(26): CodeIgniter\Database\BaseBuilder->get()
#5 C:\xampp\htdocs\tlphone\app\Controllers\Ventas_controller.php(28): App\Models\Producto_model->getProducto('10')
#6 C:\xampp\htdocs\tlphone\system\CodeIgniter.php(933): App\Controllers\Ventas_controller->registrar_venta()
#7 C:\xampp\htdocs\tlphone\system\CodeIgniter.php(507): CodeIgniter\CodeIgniter->runController(Object(App\Controllers\Ventas_controller))
#8 C:\xampp\htdocs\tlphone\system\CodeIgniter.php(354): CodeIgniter\CodeIgniter->handleRequest(NULL, Object(Config\Cache), false)
#9 C:\xampp\htdocs\tlphone\system\Boot.php(334): CodeIgniter\CodeIgniter->run()
#10 C:\xampp\htdocs\tlphone\system\Boot.php(67): CodeIgniter\Boot::runCodeIgniter(Object(CodeIgniter\CodeIgniter))
#11 C:\xampp\htdocs\tlphone\index.php(56): CodeIgniter\Boot::bootWeb(Object(Config\Paths))
#12 {main}
CRITICAL - 2025-06-07 22:33:13 --> CodeIgniter\Database\Exceptions\DatabaseException: Unknown column 'categorias_id' in 'on clause'
[Method: POST, Route: ventas/registrar_venta]
in SYSTEMPATH\Database\BaseConnection.php on line 692.
 1 SYSTEMPATH\Database\BaseBuilder.php(1649): CodeIgniter\Database\BaseConnection->query('SELECT *
FROM `productos`
JOIN `categorias` ON `categorias_id` = `productos`.`categoria_id`
WHERE `productos`.`id` = :productos.id:', [...], false)
 2 APPPATH\Models\Producto_model.php(26): CodeIgniter\Database\BaseBuilder->get()
 3 APPPATH\Controllers\Ventas_controller.php(28): App\Models\Producto_model->getProducto('10')
 4 SYSTEMPATH\CodeIgniter.php(933): App\Controllers\Ventas_controller->registrar_venta()
 5 SYSTEMPATH\CodeIgniter.php(507): CodeIgniter\CodeIgniter->runController(Object(App\Controllers\Ventas_controller))
 6 SYSTEMPATH\CodeIgniter.php(354): CodeIgniter\CodeIgniter->handleRequest(null, Object(Config\Cache), false)
 7 SYSTEMPATH\Boot.php(334): CodeIgniter\CodeIgniter->run()
 8 SYSTEMPATH\Boot.php(67): CodeIgniter\Boot::runCodeIgniter(Object(CodeIgniter\CodeIgniter))
 9 FCPATH\index.php(56): CodeIgniter\Boot::bootWeb(Object(Config\Paths))
CRITICAL - 2025-06-07 22:33:13 --> [Caused by] CodeIgniter\Database\Exceptions\DatabaseException: Unknown column 'categorias_id' in 'on clause'
in SYSTEMPATH\Database\MySQLi\Connection.php on line 332.
 1 SYSTEMPATH\Database\BaseConnection.php(738): CodeIgniter\Database\MySQLi\Connection->execute('SELECT *
FROM `productos`
JOIN `categorias` ON `categorias_id` = `productos`.`categoria_id`
WHERE `productos`.`id` = \'10\'')
 2 SYSTEMPATH\Database\BaseConnection.php(652): CodeIgniter\Database\BaseConnection->simpleQuery('SELECT *
FROM `productos`
JOIN `categorias` ON `categorias_id` = `productos`.`categoria_id`
WHERE `productos`.`id` = \'10\'')
 3 SYSTEMPATH\Database\BaseBuilder.php(1649): CodeIgniter\Database\BaseConnection->query('SELECT *
FROM `productos`
JOIN `categorias` ON `categorias_id` = `productos`.`categoria_id`
WHERE `productos`.`id` = :productos.id:', [...], false)
 4 APPPATH\Models\Producto_model.php(26): CodeIgniter\Database\BaseBuilder->get()
 5 APPPATH\Controllers\Ventas_controller.php(28): App\Models\Producto_model->getProducto('10')
 6 SYSTEMPATH\CodeIgniter.php(933): App\Controllers\Ventas_controller->registrar_venta()
 7 SYSTEMPATH\CodeIgniter.php(507): CodeIgniter\CodeIgniter->runController(Object(App\Controllers\Ventas_controller))
 8 SYSTEMPATH\CodeIgniter.php(354): CodeIgniter\CodeIgniter->handleRequest(null, Object(Config\Cache), false)
 9 SYSTEMPATH\Boot.php(334): CodeIgniter\CodeIgniter->run()
10 SYSTEMPATH\Boot.php(67): CodeIgniter\Boot::runCodeIgniter(Object(CodeIgniter\CodeIgniter))
11 FCPATH\index.php(56): CodeIgniter\Boot::bootWeb(Object(Config\Paths))
CRITICAL - 2025-06-07 22:33:14 --> [Caused by] mysqli_sql_exception: Unknown column 'categorias_id' in 'on clause'
in SYSTEMPATH\Database\MySQLi\Connection.php on line 327.
 1 SYSTEMPATH\Database\MySQLi\Connection.php(327): mysqli->query('SELECT *
FROM `productos`
JOIN `categorias` ON `categorias_id` = `productos`.`categoria_id`
WHERE `productos`.`id` = \'10\'', 0)
 2 SYSTEMPATH\Database\BaseConnection.php(738): CodeIgniter\Database\MySQLi\Connection->execute('SELECT *
FROM `productos`
JOIN `categorias` ON `categorias_id` = `productos`.`categoria_id`
WHERE `productos`.`id` = \'10\'')
 3 SYSTEMPATH\Database\BaseConnection.php(652): CodeIgniter\Database\BaseConnection->simpleQuery('SELECT *
FROM `productos`
JOIN `categorias` ON `categorias_id` = `productos`.`categoria_id`
WHERE `productos`.`id` = \'10\'')
 4 SYSTEMPATH\Database\BaseBuilder.php(1649): CodeIgniter\Database\BaseConnection->query('SELECT *
FROM `productos`
JOIN `categorias` ON `categorias_id` = `productos`.`categoria_id`
WHERE `productos`.`id` = :productos.id:', [...], false)
 5 APPPATH\Models\Producto_model.php(26): CodeIgniter\Database\BaseBuilder->get()
 6 APPPATH\Controllers\Ventas_controller.php(28): App\Models\Producto_model->getProducto('10')
 7 SYSTEMPATH\CodeIgniter.php(933): App\Controllers\Ventas_controller->registrar_venta()
 8 SYSTEMPATH\CodeIgniter.php(507): CodeIgniter\CodeIgniter->runController(Object(App\Controllers\Ventas_controller))
 9 SYSTEMPATH\CodeIgniter.php(354): CodeIgniter\CodeIgniter->handleRequest(null, Object(Config\Cache), false)
10 SYSTEMPATH\Boot.php(334): CodeIgniter\CodeIgniter->run()
11 SYSTEMPATH\Boot.php(67): CodeIgniter\Boot::runCodeIgniter(Object(CodeIgniter\CodeIgniter))
12 FCPATH\index.php(56): CodeIgniter\Boot::bootWeb(Object(Config\Paths))
CRITICAL - 2025-06-07 22:39:03 --> Error: Call to undefined method App\Controllers\carrito_controller::borrar_carrito()
[Method: POST, Route: ventas/registrar_venta]
in APPPATH\Controllers\Ventas_controller.php on line 68.
 1 SYSTEMPATH\CodeIgniter.php(933): App\Controllers\Ventas_controller->registrar_venta()
 2 SYSTEMPATH\CodeIgniter.php(507): CodeIgniter\CodeIgniter->runController(Object(App\Controllers\Ventas_controller))
 3 SYSTEMPATH\CodeIgniter.php(354): CodeIgniter\CodeIgniter->handleRequest(null, Object(Config\Cache), false)
 4 SYSTEMPATH\Boot.php(334): CodeIgniter\CodeIgniter->run()
 5 SYSTEMPATH\Boot.php(67): CodeIgniter\Boot::runCodeIgniter(Object(CodeIgniter\CodeIgniter))
 6 FCPATH\index.php(56): CodeIgniter\Boot::bootWeb(Object(Config\Paths))
CRITICAL - 2025-06-07 22:40:45 --> CodeIgniter\Exceptions\BadMethodCallException: Call to undefined method App\Models\Ventas_cabecera_model::getVentas
[Method: GET, Route: ventas/mis_compras]
in SYSTEMPATH\Model.php on line 930.
 1 APPPATH\Controllers\Ventas_controller.php(79): CodeIgniter\Model->__call('getVentas', [...])
 2 SYSTEMPATH\CodeIgniter.php(933): App\Controllers\Ventas_controller->mis_compras()
 3 SYSTEMPATH\CodeIgniter.php(507): CodeIgniter\CodeIgniter->runController(Object(App\Controllers\Ventas_controller))
 4 SYSTEMPATH\CodeIgniter.php(354): CodeIgniter\CodeIgniter->handleRequest(null, Object(Config\Cache), false)
 5 SYSTEMPATH\Boot.php(334): CodeIgniter\CodeIgniter->run()
 6 SYSTEMPATH\Boot.php(67): CodeIgniter\Boot::runCodeIgniter(Object(CodeIgniter\CodeIgniter))
 7 FCPATH\index.php(56): CodeIgniter\Boot::bootWeb(Object(Config\Paths))
CRITICAL - 2025-06-07 22:42:18 --> CodeIgniter\View\Exceptions\ViewException: Invalid file: "back/compras/ver_factura_usuario.php"
[Method: GET, Route: ventas/mis_compras]
in SYSTEMPATH\Exceptions\FrameworkException.php on line 39.
 1 SYSTEMPATH\View\View.php(212): CodeIgniter\Exceptions\FrameworkException::forInvalidFile('back/compras/ver_factura_usuario.php')
 2 SYSTEMPATH\Common.php(1173): CodeIgniter\View\View->render('back/compras/ver_factura_usuario', [], true)
 3 APPPATH\Controllers\Ventas_controller.php(84): view('back/compras/ver_factura_usuario', [...])
 4 SYSTEMPATH\CodeIgniter.php(933): App\Controllers\Ventas_controller->mis_compras()
 5 SYSTEMPATH\CodeIgniter.php(507): CodeIgniter\CodeIgniter->runController(Object(App\Controllers\Ventas_controller))
 6 SYSTEMPATH\CodeIgniter.php(354): CodeIgniter\CodeIgniter->handleRequest(null, Object(Config\Cache), false)
 7 SYSTEMPATH\Boot.php(334): CodeIgniter\CodeIgniter->run()
 8 SYSTEMPATH\Boot.php(67): CodeIgniter\Boot::runCodeIgniter(Object(CodeIgniter\CodeIgniter))
 9 FCPATH\index.php(56): CodeIgniter\Boot::bootWeb(Object(Config\Paths))
CRITICAL - 2025-06-07 22:44:22 --> ErrorException: Undefined variable $cabecera
[Method: GET, Route: ventas/mis_compras]
in APPPATH\Views\back\compras\ver_factura_usuario.php on line 2.
 1 APPPATH\Views\back\compras\ver_factura_usuario.php(2): CodeIgniter\Debug\Exceptions->errorHandler(2, 'Undefined variable $cabecera', 'C:\\xampp\\htdocs\\tlphone\\app\\Views\\back\\compras\\ver_factura_usuario.php', 2)
 2 SYSTEMPATH\View\View.php(224): include('C:\\xampp\\htdocs\\tlphone\\app\\Views\\back\\compras\\ver_factura_usuario.php')
 3 SYSTEMPATH\View\View.php(227): CodeIgniter\View\View->CodeIgniter\View\{closure}()
 4 SYSTEMPATH\Common.php(1173): CodeIgniter\View\View->render('back/compras/ver_factura_usuario', [], true)
 5 APPPATH\Controllers\Ventas_controller.php(84): view('back/compras/ver_factura_usuario', [...])
 6 SYSTEMPATH\CodeIgniter.php(933): App\Controllers\Ventas_controller->mis_compras()
 7 SYSTEMPATH\CodeIgniter.php(507): CodeIgniter\CodeIgniter->runController(Object(App\Controllers\Ventas_controller))
 8 SYSTEMPATH\CodeIgniter.php(354): CodeIgniter\CodeIgniter->handleRequest(null, Object(Config\Cache), false)
 9 SYSTEMPATH\Boot.php(334): CodeIgniter\CodeIgniter->run()
10 SYSTEMPATH\Boot.php(67): CodeIgniter\Boot::runCodeIgniter(Object(CodeIgniter\CodeIgniter))
11 FCPATH\index.php(56): CodeIgniter\Boot::bootWeb(Object(Config\Paths))
CRITICAL - 2025-06-07 22:44:39 --> ErrorException: Undefined variable $cabecera
[Method: GET, Route: ventas/mis_compras]
in APPPATH\Views\back\compras\ver_factura_usuario.php on line 2.
 1 APPPATH\Views\back\compras\ver_factura_usuario.php(2): CodeIgniter\Debug\Exceptions->errorHandler(2, 'Undefined variable $cabecera', 'C:\\xampp\\htdocs\\tlphone\\app\\Views\\back\\compras\\ver_factura_usuario.php', 2)
 2 SYSTEMPATH\View\View.php(224): include('C:\\xampp\\htdocs\\tlphone\\app\\Views\\back\\compras\\ver_factura_usuario.php')
 3 SYSTEMPATH\View\View.php(227): CodeIgniter\View\View->CodeIgniter\View\{closure}()
 4 SYSTEMPATH\Common.php(1173): CodeIgniter\View\View->render('back/compras/ver_factura_usuario', [], true)
 5 APPPATH\Controllers\Ventas_controller.php(84): view('back/compras/ver_factura_usuario', [...])
 6 SYSTEMPATH\CodeIgniter.php(933): App\Controllers\Ventas_controller->mis_compras()
 7 SYSTEMPATH\CodeIgniter.php(507): CodeIgniter\CodeIgniter->runController(Object(App\Controllers\Ventas_controller))
 8 SYSTEMPATH\CodeIgniter.php(354): CodeIgniter\CodeIgniter->handleRequest(null, Object(Config\Cache), false)
 9 SYSTEMPATH\Boot.php(334): CodeIgniter\CodeIgniter->run()
10 SYSTEMPATH\Boot.php(67): CodeIgniter\Boot::runCodeIgniter(Object(CodeIgniter\CodeIgniter))
11 FCPATH\index.php(56): CodeIgniter\Boot::bootWeb(Object(Config\Paths))
CRITICAL - 2025-06-07 22:45:17 --> ErrorException: Undefined variable $cabecera
[Method: GET, Route: ventas/mis_compras]
in APPPATH\Views\back\compras\ver_factura_usuario.php on line 2.
 1 APPPATH\Views\back\compras\ver_factura_usuario.php(2): CodeIgniter\Debug\Exceptions->errorHandler(2, 'Undefined variable $cabecera', 'C:\\xampp\\htdocs\\tlphone\\app\\Views\\back\\compras\\ver_factura_usuario.php', 2)
 2 SYSTEMPATH\View\View.php(224): include('C:\\xampp\\htdocs\\tlphone\\app\\Views\\back\\compras\\ver_factura_usuario.php')
 3 SYSTEMPATH\View\View.php(227): CodeIgniter\View\View->CodeIgniter\View\{closure}()
 4 SYSTEMPATH\Common.php(1173): CodeIgniter\View\View->render('back/compras/ver_factura_usuario', [], true)
 5 APPPATH\Controllers\Ventas_controller.php(84): view('back/compras/ver_factura_usuario', [...])
 6 SYSTEMPATH\CodeIgniter.php(933): App\Controllers\Ventas_controller->mis_compras()
 7 SYSTEMPATH\CodeIgniter.php(507): CodeIgniter\CodeIgniter->runController(Object(App\Controllers\Ventas_controller))
 8 SYSTEMPATH\CodeIgniter.php(354): CodeIgniter\CodeIgniter->handleRequest(null, Object(Config\Cache), false)
 9 SYSTEMPATH\Boot.php(334): CodeIgniter\CodeIgniter->run()
10 SYSTEMPATH\Boot.php(67): CodeIgniter\Boot::runCodeIgniter(Object(CodeIgniter\CodeIgniter))
11 FCPATH\index.php(56): CodeIgniter\Boot::bootWeb(Object(Config\Paths))
CRITICAL - 2025-06-07 22:48:59 --> ErrorException: Undefined array key "total"
[Method: GET, Route: ventas/mis_compras]
in APPPATH\Views\back\compras\vista_compras.php on line 19.
 1 APPPATH\Views\back\compras\vista_compras.php(19): CodeIgniter\Debug\Exceptions->errorHandler(2, 'Undefined array key "total"', 'C:\\xampp\\htdocs\\tlphone\\app\\Views\\back\\compras\\vista_compras.php', 19)
 2 SYSTEMPATH\View\View.php(224): include('C:\\xampp\\htdocs\\tlphone\\app\\Views\\back\\compras\\vista_compras.php')
 3 SYSTEMPATH\View\View.php(227): CodeIgniter\View\View->CodeIgniter\View\{closure}()
 4 SYSTEMPATH\Common.php(1173): CodeIgniter\View\View->render('back/compras/vista_compras', [], true)
 5 APPPATH\Controllers\Ventas_controller.php(84): view('back/compras/vista_compras', [...])
 6 SYSTEMPATH\CodeIgniter.php(933): App\Controllers\Ventas_controller->mis_compras()
 7 SYSTEMPATH\CodeIgniter.php(507): CodeIgniter\CodeIgniter->runController(Object(App\Controllers\Ventas_controller))
 8 SYSTEMPATH\CodeIgniter.php(354): CodeIgniter\CodeIgniter->handleRequest(null, Object(Config\Cache), false)
 9 SYSTEMPATH\Boot.php(334): CodeIgniter\CodeIgniter->run()
10 SYSTEMPATH\Boot.php(67): CodeIgniter\Boot::runCodeIgniter(Object(CodeIgniter\CodeIgniter))
11 FCPATH\index.php(56): CodeIgniter\Boot::bootWeb(Object(Config\Paths))
CRITICAL - 2025-06-07 22:52:38 --> ParseError: syntax error, unexpected variable "$data"
[Method: GET, Route: ventas/mis_compras]
in APPPATH\Controllers\Ventas_controller.php on line 80.
 1 SYSTEMPATH\Autoloader\Autoloader.php(295): CodeIgniter\Autoloader\Autoloader->includeFile('C:\\xampp\\htdocs\\tlphone\\app\\Controllers\\Ventas_controller.php')
 2 SYSTEMPATH\Autoloader\Autoloader.php(271): CodeIgniter\Autoloader\Autoloader->loadInNamespace('App\\Controllers\\Ventas_controller')
 3 [internal function]: CodeIgniter\Autoloader\Autoloader->loadClass('App\\Controllers\\Ventas_controller')
 4 SYSTEMPATH\CodeIgniter.php(885): class_exists('\\App\\Controllers\\Ventas_controller', true)
 5 SYSTEMPATH\CodeIgniter.php(494): CodeIgniter\CodeIgniter->startController()
 6 SYSTEMPATH\CodeIgniter.php(354): CodeIgniter\CodeIgniter->handleRequest(null, Object(Config\Cache), false)
 7 SYSTEMPATH\Boot.php(334): CodeIgniter\CodeIgniter->run()
 8 SYSTEMPATH\Boot.php(67): CodeIgniter\Boot::runCodeIgniter(Object(CodeIgniter\CodeIgniter))
 9 FCPATH\index.php(56): CodeIgniter\Boot::bootWeb(Object(Config\Paths))
ERROR - 2025-06-07 22:56:59 --> mysqli_sql_exception: Unknown column 'usuarios.id_usuario' in 'on clause' in C:\xampp\htdocs\tlphone\system\Database\MySQLi\Connection.php:327
Stack trace:
#0 C:\xampp\htdocs\tlphone\system\Database\MySQLi\Connection.php(327): mysqli->query('SELECT *\nFROM `...', 0)
#1 C:\xampp\htdocs\tlphone\system\Database\BaseConnection.php(738): CodeIgniter\Database\MySQLi\Connection->execute('SELECT *\nFROM `...')
#2 C:\xampp\htdocs\tlphone\system\Database\BaseConnection.php(652): CodeIgniter\Database\BaseConnection->simpleQuery('SELECT *\nFROM `...')
#3 C:\xampp\htdocs\tlphone\system\Database\BaseBuilder.php(1649): CodeIgniter\Database\BaseConnection->query('SELECT *\nFROM `...', Array, false)
#4 C:\xampp\htdocs\tlphone\app\Models\ventas_detalle_model.php(29): CodeIgniter\Database\BaseBuilder->get()
#5 C:\xampp\htdocs\tlphone\app\Controllers\Ventas_controller.php(94): App\Models\ventas_detalle_model->getDetalles('1')
#6 C:\xampp\htdocs\tlphone\system\CodeIgniter.php(933): App\Controllers\Ventas_controller->ver_factura('1')
#7 C:\xampp\htdocs\tlphone\system\CodeIgniter.php(507): CodeIgniter\CodeIgniter->runController(Object(App\Controllers\Ventas_controller))
#8 C:\xampp\htdocs\tlphone\system\CodeIgniter.php(354): CodeIgniter\CodeIgniter->handleRequest(NULL, Object(Config\Cache), false)
#9 C:\xampp\htdocs\tlphone\system\Boot.php(334): CodeIgniter\CodeIgniter->run()
#10 C:\xampp\htdocs\tlphone\system\Boot.php(67): CodeIgniter\Boot::runCodeIgniter(Object(CodeIgniter\CodeIgniter))
#11 C:\xampp\htdocs\tlphone\index.php(56): CodeIgniter\Boot::bootWeb(Object(Config\Paths))
#12 {main}
CRITICAL - 2025-06-07 22:56:59 --> CodeIgniter\Database\Exceptions\DatabaseException: Unknown column 'usuarios.id_usuario' in 'on clause'
[Method: GET, Route: ventas/ver_factura/1]
in SYSTEMPATH\Database\BaseConnection.php on line 692.
 1 SYSTEMPATH\Database\BaseBuilder.php(1649): CodeIgniter\Database\BaseConnection->query('SELECT *
FROM `ventas_detalle`
JOIN `ventas_cabecera` ON `ventas_cabecera`.`id` = `ventas_detalle`.`venta_id`
JOIN `productos` ON `productos`.`id` = `ventas_detalle`.`producto_id`
JOIN `usuarios` ON `usuarios`.`id_usuario` = `ventas_cabecera`.`usuario_id`
WHERE `ventas_cabecera`.`id` = :ventas_cabecera.id:', [...], false)
 2 APPPATH\Models\ventas_detalle_model.php(29): CodeIgniter\Database\BaseBuilder->get()
 3 APPPATH\Controllers\Ventas_controller.php(94): App\Models\ventas_detalle_model->getDetalles('1')
 4 SYSTEMPATH\CodeIgniter.php(933): App\Controllers\Ventas_controller->ver_factura('1')
 5 SYSTEMPATH\CodeIgniter.php(507): CodeIgniter\CodeIgniter->runController(Object(App\Controllers\Ventas_controller))
 6 SYSTEMPATH\CodeIgniter.php(354): CodeIgniter\CodeIgniter->handleRequest(null, Object(Config\Cache), false)
 7 SYSTEMPATH\Boot.php(334): CodeIgniter\CodeIgniter->run()
 8 SYSTEMPATH\Boot.php(67): CodeIgniter\Boot::runCodeIgniter(Object(CodeIgniter\CodeIgniter))
 9 FCPATH\index.php(56): CodeIgniter\Boot::bootWeb(Object(Config\Paths))
CRITICAL - 2025-06-07 22:56:59 --> [Caused by] CodeIgniter\Database\Exceptions\DatabaseException: Unknown column 'usuarios.id_usuario' in 'on clause'
in SYSTEMPATH\Database\MySQLi\Connection.php on line 332.
 1 SYSTEMPATH\Database\BaseConnection.php(738): CodeIgniter\Database\MySQLi\Connection->execute('SELECT *
FROM `ventas_detalle`
JOIN `ventas_cabecera` ON `ventas_cabecera`.`id` = `ventas_detalle`.`venta_id`
JOIN `productos` ON `productos`.`id` = `ventas_detalle`.`producto_id`
JOIN `usuarios` ON `usuarios`.`id_usuario` = `ventas_cabecera`.`usuario_id`
WHERE `ventas_cabecera`.`id` = \'1\'')
 2 SYSTEMPATH\Database\BaseConnection.php(652): CodeIgniter\Database\BaseConnection->simpleQuery('SELECT *
FROM `ventas_detalle`
JOIN `ventas_cabecera` ON `ventas_cabecera`.`id` = `ventas_detalle`.`venta_id`
JOIN `productos` ON `productos`.`id` = `ventas_detalle`.`producto_id`
JOIN `usuarios` ON `usuarios`.`id_usuario` = `ventas_cabecera`.`usuario_id`
WHERE `ventas_cabecera`.`id` = \'1\'')
 3 SYSTEMPATH\Database\BaseBuilder.php(1649): CodeIgniter\Database\BaseConnection->query('SELECT *
FROM `ventas_detalle`
JOIN `ventas_cabecera` ON `ventas_cabecera`.`id` = `ventas_detalle`.`venta_id`
JOIN `productos` ON `productos`.`id` = `ventas_detalle`.`producto_id`
JOIN `usuarios` ON `usuarios`.`id_usuario` = `ventas_cabecera`.`usuario_id`
WHERE `ventas_cabecera`.`id` = :ventas_cabecera.id:', [...], false)
 4 APPPATH\Models\ventas_detalle_model.php(29): CodeIgniter\Database\BaseBuilder->get()
 5 APPPATH\Controllers\Ventas_controller.php(94): App\Models\ventas_detalle_model->getDetalles('1')
 6 SYSTEMPATH\CodeIgniter.php(933): App\Controllers\Ventas_controller->ver_factura('1')
 7 SYSTEMPATH\CodeIgniter.php(507): CodeIgniter\CodeIgniter->runController(Object(App\Controllers\Ventas_controller))
 8 SYSTEMPATH\CodeIgniter.php(354): CodeIgniter\CodeIgniter->handleRequest(null, Object(Config\Cache), false)
 9 SYSTEMPATH\Boot.php(334): CodeIgniter\CodeIgniter->run()
10 SYSTEMPATH\Boot.php(67): CodeIgniter\Boot::runCodeIgniter(Object(CodeIgniter\CodeIgniter))
11 FCPATH\index.php(56): CodeIgniter\Boot::bootWeb(Object(Config\Paths))
CRITICAL - 2025-06-07 22:56:59 --> [Caused by] mysqli_sql_exception: Unknown column 'usuarios.id_usuario' in 'on clause'
in SYSTEMPATH\Database\MySQLi\Connection.php on line 327.
 1 SYSTEMPATH\Database\MySQLi\Connection.php(327): mysqli->query('SELECT *
FROM `ventas_detalle`
JOIN `ventas_cabecera` ON `ventas_cabecera`.`id` = `ventas_detalle`.`venta_id`
JOIN `productos` ON `productos`.`id` = `ventas_detalle`.`producto_id`
JOIN `usuarios` ON `usuarios`.`id_usuario` = `ventas_cabecera`.`usuario_id`
WHERE `ventas_cabecera`.`id` = \'1\'', 0)
 2 SYSTEMPATH\Database\BaseConnection.php(738): CodeIgniter\Database\MySQLi\Connection->execute('SELECT *
FROM `ventas_detalle`
JOIN `ventas_cabecera` ON `ventas_cabecera`.`id` = `ventas_detalle`.`venta_id`
JOIN `productos` ON `productos`.`id` = `ventas_detalle`.`producto_id`
JOIN `usuarios` ON `usuarios`.`id_usuario` = `ventas_cabecera`.`usuario_id`
WHERE `ventas_cabecera`.`id` = \'1\'')
 3 SYSTEMPATH\Database\BaseConnection.php(652): CodeIgniter\Database\BaseConnection->simpleQuery('SELECT *
FROM `ventas_detalle`
JOIN `ventas_cabecera` ON `ventas_cabecera`.`id` = `ventas_detalle`.`venta_id`
JOIN `productos` ON `productos`.`id` = `ventas_detalle`.`producto_id`
JOIN `usuarios` ON `usuarios`.`id_usuario` = `ventas_cabecera`.`usuario_id`
WHERE `ventas_cabecera`.`id` = \'1\'')
 4 SYSTEMPATH\Database\BaseBuilder.php(1649): CodeIgniter\Database\BaseConnection->query('SELECT *
FROM `ventas_detalle`
JOIN `ventas_cabecera` ON `ventas_cabecera`.`id` = `ventas_detalle`.`venta_id`
JOIN `productos` ON `productos`.`id` = `ventas_detalle`.`producto_id`
JOIN `usuarios` ON `usuarios`.`id_usuario` = `ventas_cabecera`.`usuario_id`
WHERE `ventas_cabecera`.`id` = :ventas_cabecera.id:', [...], false)
 5 APPPATH\Models\ventas_detalle_model.php(29): CodeIgniter\Database\BaseBuilder->get()
 6 APPPATH\Controllers\Ventas_controller.php(94): App\Models\ventas_detalle_model->getDetalles('1')
 7 SYSTEMPATH\CodeIgniter.php(933): App\Controllers\Ventas_controller->ver_factura('1')
 8 SYSTEMPATH\CodeIgniter.php(507): CodeIgniter\CodeIgniter->runController(Object(App\Controllers\Ventas_controller))
 9 SYSTEMPATH\CodeIgniter.php(354): CodeIgniter\CodeIgniter->handleRequest(null, Object(Config\Cache), false)
10 SYSTEMPATH\Boot.php(334): CodeIgniter\CodeIgniter->run()
11 SYSTEMPATH\Boot.php(67): CodeIgniter\Boot::runCodeIgniter(Object(CodeIgniter\CodeIgniter))
12 FCPATH\index.php(56): CodeIgniter\Boot::bootWeb(Object(Config\Paths))
ERROR - 2025-06-07 22:58:07 --> mysqli_sql_exception: Unknown column 'usuarios.id_usuario' in 'on clause' in C:\xampp\htdocs\tlphone\system\Database\MySQLi\Connection.php:327
Stack trace:
#0 C:\xampp\htdocs\tlphone\system\Database\MySQLi\Connection.php(327): mysqli->query('SELECT *\nFROM `...', 0)
#1 C:\xampp\htdocs\tlphone\system\Database\BaseConnection.php(738): CodeIgniter\Database\MySQLi\Connection->execute('SELECT *\nFROM `...')
#2 C:\xampp\htdocs\tlphone\system\Database\BaseConnection.php(652): CodeIgniter\Database\BaseConnection->simpleQuery('SELECT *\nFROM `...')
#3 C:\xampp\htdocs\tlphone\system\Database\BaseBuilder.php(1649): CodeIgniter\Database\BaseConnection->query('SELECT *\nFROM `...', Array, false)
#4 C:\xampp\htdocs\tlphone\app\Models\ventas_detalle_model.php(29): CodeIgniter\Database\BaseBuilder->get()
#5 C:\xampp\htdocs\tlphone\app\Controllers\Ventas_controller.php(94): App\Models\ventas_detalle_model->getDetalles('1')
#6 C:\xampp\htdocs\tlphone\system\CodeIgniter.php(933): App\Controllers\Ventas_controller->ver_factura('1')
#7 C:\xampp\htdocs\tlphone\system\CodeIgniter.php(507): CodeIgniter\CodeIgniter->runController(Object(App\Controllers\Ventas_controller))
#8 C:\xampp\htdocs\tlphone\system\CodeIgniter.php(354): CodeIgniter\CodeIgniter->handleRequest(NULL, Object(Config\Cache), false)
#9 C:\xampp\htdocs\tlphone\system\Boot.php(334): CodeIgniter\CodeIgniter->run()
#10 C:\xampp\htdocs\tlphone\system\Boot.php(67): CodeIgniter\Boot::runCodeIgniter(Object(CodeIgniter\CodeIgniter))
#11 C:\xampp\htdocs\tlphone\index.php(56): CodeIgniter\Boot::bootWeb(Object(Config\Paths))
#12 {main}
CRITICAL - 2025-06-07 22:58:07 --> CodeIgniter\Database\Exceptions\DatabaseException: Unknown column 'usuarios.id_usuario' in 'on clause'
[Method: GET, Route: ventas/ver_factura/1]
in SYSTEMPATH\Database\BaseConnection.php on line 692.
 1 SYSTEMPATH\Database\BaseBuilder.php(1649): CodeIgniter\Database\BaseConnection->query('SELECT *
FROM `ventas_detalle`
JOIN `ventas_cabecera` ON `ventas_cabecera`.`id` = `ventas_detalle`.`venta_id`
JOIN `productos` ON `productos`.`id` = `ventas_detalle`.`producto_id`
JOIN `usuarios` ON `usuarios`.`id_usuario` = `ventas_cabecera`.`usuario_id`
WHERE `ventas_cabecera`.`id` = :ventas_cabecera.id:', [...], false)
 2 APPPATH\Models\ventas_detalle_model.php(29): CodeIgniter\Database\BaseBuilder->get()
 3 APPPATH\Controllers\Ventas_controller.php(94): App\Models\ventas_detalle_model->getDetalles('1')
 4 SYSTEMPATH\CodeIgniter.php(933): App\Controllers\Ventas_controller->ver_factura('1')
 5 SYSTEMPATH\CodeIgniter.php(507): CodeIgniter\CodeIgniter->runController(Object(App\Controllers\Ventas_controller))
 6 SYSTEMPATH\CodeIgniter.php(354): CodeIgniter\CodeIgniter->handleRequest(null, Object(Config\Cache), false)
 7 SYSTEMPATH\Boot.php(334): CodeIgniter\CodeIgniter->run()
 8 SYSTEMPATH\Boot.php(67): CodeIgniter\Boot::runCodeIgniter(Object(CodeIgniter\CodeIgniter))
 9 FCPATH\index.php(56): CodeIgniter\Boot::bootWeb(Object(Config\Paths))
CRITICAL - 2025-06-07 22:58:07 --> [Caused by] CodeIgniter\Database\Exceptions\DatabaseException: Unknown column 'usuarios.id_usuario' in 'on clause'
in SYSTEMPATH\Database\MySQLi\Connection.php on line 332.
 1 SYSTEMPATH\Database\BaseConnection.php(738): CodeIgniter\Database\MySQLi\Connection->execute('SELECT *
FROM `ventas_detalle`
JOIN `ventas_cabecera` ON `ventas_cabecera`.`id` = `ventas_detalle`.`venta_id`
JOIN `productos` ON `productos`.`id` = `ventas_detalle`.`producto_id`
JOIN `usuarios` ON `usuarios`.`id_usuario` = `ventas_cabecera`.`usuario_id`
WHERE `ventas_cabecera`.`id` = \'1\'')
 2 SYSTEMPATH\Database\BaseConnection.php(652): CodeIgniter\Database\BaseConnection->simpleQuery('SELECT *
FROM `ventas_detalle`
JOIN `ventas_cabecera` ON `ventas_cabecera`.`id` = `ventas_detalle`.`venta_id`
JOIN `productos` ON `productos`.`id` = `ventas_detalle`.`producto_id`
JOIN `usuarios` ON `usuarios`.`id_usuario` = `ventas_cabecera`.`usuario_id`
WHERE `ventas_cabecera`.`id` = \'1\'')
 3 SYSTEMPATH\Database\BaseBuilder.php(1649): CodeIgniter\Database\BaseConnection->query('SELECT *
FROM `ventas_detalle`
JOIN `ventas_cabecera` ON `ventas_cabecera`.`id` = `ventas_detalle`.`venta_id`
JOIN `productos` ON `productos`.`id` = `ventas_detalle`.`producto_id`
JOIN `usuarios` ON `usuarios`.`id_usuario` = `ventas_cabecera`.`usuario_id`
WHERE `ventas_cabecera`.`id` = :ventas_cabecera.id:', [...], false)
 4 APPPATH\Models\ventas_detalle_model.php(29): CodeIgniter\Database\BaseBuilder->get()
 5 APPPATH\Controllers\Ventas_controller.php(94): App\Models\ventas_detalle_model->getDetalles('1')
 6 SYSTEMPATH\CodeIgniter.php(933): App\Controllers\Ventas_controller->ver_factura('1')
 7 SYSTEMPATH\CodeIgniter.php(507): CodeIgniter\CodeIgniter->runController(Object(App\Controllers\Ventas_controller))
 8 SYSTEMPATH\CodeIgniter.php(354): CodeIgniter\CodeIgniter->handleRequest(null, Object(Config\Cache), false)
 9 SYSTEMPATH\Boot.php(334): CodeIgniter\CodeIgniter->run()
10 SYSTEMPATH\Boot.php(67): CodeIgniter\Boot::runCodeIgniter(Object(CodeIgniter\CodeIgniter))
11 FCPATH\index.php(56): CodeIgniter\Boot::bootWeb(Object(Config\Paths))
CRITICAL - 2025-06-07 22:58:07 --> [Caused by] mysqli_sql_exception: Unknown column 'usuarios.id_usuario' in 'on clause'
in SYSTEMPATH\Database\MySQLi\Connection.php on line 327.
 1 SYSTEMPATH\Database\MySQLi\Connection.php(327): mysqli->query('SELECT *
FROM `ventas_detalle`
JOIN `ventas_cabecera` ON `ventas_cabecera`.`id` = `ventas_detalle`.`venta_id`
JOIN `productos` ON `productos`.`id` = `ventas_detalle`.`producto_id`
JOIN `usuarios` ON `usuarios`.`id_usuario` = `ventas_cabecera`.`usuario_id`
WHERE `ventas_cabecera`.`id` = \'1\'', 0)
 2 SYSTEMPATH\Database\BaseConnection.php(738): CodeIgniter\Database\MySQLi\Connection->execute('SELECT *
FROM `ventas_detalle`
JOIN `ventas_cabecera` ON `ventas_cabecera`.`id` = `ventas_detalle`.`venta_id`
JOIN `productos` ON `productos`.`id` = `ventas_detalle`.`producto_id`
JOIN `usuarios` ON `usuarios`.`id_usuario` = `ventas_cabecera`.`usuario_id`
WHERE `ventas_cabecera`.`id` = \'1\'')
 3 SYSTEMPATH\Database\BaseConnection.php(652): CodeIgniter\Database\BaseConnection->simpleQuery('SELECT *
FROM `ventas_detalle`
JOIN `ventas_cabecera` ON `ventas_cabecera`.`id` = `ventas_detalle`.`venta_id`
JOIN `productos` ON `productos`.`id` = `ventas_detalle`.`producto_id`
JOIN `usuarios` ON `usuarios`.`id_usuario` = `ventas_cabecera`.`usuario_id`
WHERE `ventas_cabecera`.`id` = \'1\'')
 4 SYSTEMPATH\Database\BaseBuilder.php(1649): CodeIgniter\Database\BaseConnection->query('SELECT *
FROM `ventas_detalle`
JOIN `ventas_cabecera` ON `ventas_cabecera`.`id` = `ventas_detalle`.`venta_id`
JOIN `productos` ON `productos`.`id` = `ventas_detalle`.`producto_id`
JOIN `usuarios` ON `usuarios`.`id_usuario` = `ventas_cabecera`.`usuario_id`
WHERE `ventas_cabecera`.`id` = :ventas_cabecera.id:', [...], false)
 5 APPPATH\Models\ventas_detalle_model.php(29): CodeIgniter\Database\BaseBuilder->get()
 6 APPPATH\Controllers\Ventas_controller.php(94): App\Models\ventas_detalle_model->getDetalles('1')
 7 SYSTEMPATH\CodeIgniter.php(933): App\Controllers\Ventas_controller->ver_factura('1')
 8 SYSTEMPATH\CodeIgniter.php(507): CodeIgniter\CodeIgniter->runController(Object(App\Controllers\Ventas_controller))
 9 SYSTEMPATH\CodeIgniter.php(354): CodeIgniter\CodeIgniter->handleRequest(null, Object(Config\Cache), false)
10 SYSTEMPATH\Boot.php(334): CodeIgniter\CodeIgniter->run()
11 SYSTEMPATH\Boot.php(67): CodeIgniter\Boot::runCodeIgniter(Object(CodeIgniter\CodeIgniter))
12 FCPATH\index.php(56): CodeIgniter\Boot::bootWeb(Object(Config\Paths))
ERROR - 2025-06-07 23:01:57 --> mysqli_sql_exception: Unknown column 'usuarios.usuario_id' in 'on clause' in C:\xampp\htdocs\tlphone\system\Database\MySQLi\Connection.php:327
Stack trace:
#0 C:\xampp\htdocs\tlphone\system\Database\MySQLi\Connection.php(327): mysqli->query('SELECT *\nFROM `...', 0)
#1 C:\xampp\htdocs\tlphone\system\Database\BaseConnection.php(738): CodeIgniter\Database\MySQLi\Connection->execute('SELECT *\nFROM `...')
#2 C:\xampp\htdocs\tlphone\system\Database\BaseConnection.php(652): CodeIgniter\Database\BaseConnection->simpleQuery('SELECT *\nFROM `...')
#3 C:\xampp\htdocs\tlphone\system\Database\BaseBuilder.php(1649): CodeIgniter\Database\BaseConnection->query('SELECT *\nFROM `...', Array, false)
#4 C:\xampp\htdocs\tlphone\app\Models\ventas_detalle_model.php(28): CodeIgniter\Database\BaseBuilder->get()
#5 C:\xampp\htdocs\tlphone\app\Controllers\Ventas_controller.php(94): App\Models\ventas_detalle_model->getDetalles('1')
#6 C:\xampp\htdocs\tlphone\system\CodeIgniter.php(933): App\Controllers\Ventas_controller->ver_factura('1')
#7 C:\xampp\htdocs\tlphone\system\CodeIgniter.php(507): CodeIgniter\CodeIgniter->runController(Object(App\Controllers\Ventas_controller))
#8 C:\xampp\htdocs\tlphone\system\CodeIgniter.php(354): CodeIgniter\CodeIgniter->handleRequest(NULL, Object(Config\Cache), false)
#9 C:\xampp\htdocs\tlphone\system\Boot.php(334): CodeIgniter\CodeIgniter->run()
#10 C:\xampp\htdocs\tlphone\system\Boot.php(67): CodeIgniter\Boot::runCodeIgniter(Object(CodeIgniter\CodeIgniter))
#11 C:\xampp\htdocs\tlphone\index.php(56): CodeIgniter\Boot::bootWeb(Object(Config\Paths))
#12 {main}
CRITICAL - 2025-06-07 23:01:57 --> CodeIgniter\Database\Exceptions\DatabaseException: Unknown column 'usuarios.usuario_id' in 'on clause'
[Method: GET, Route: ventas/ver_factura/1]
in SYSTEMPATH\Database\BaseConnection.php on line 692.
 1 SYSTEMPATH\Database\BaseBuilder.php(1649): CodeIgniter\Database\BaseConnection->query('SELECT *
FROM `ventas_detalle`
JOIN `ventas_cabecera` ON `ventas_cabecera`.`id` = `ventas_detalle`.`venta_id`
JOIN `productos` ON `productos`.`id` = `ventas_detalle`.`producto_id`
JOIN `usuarios` ON `usuarios`.`usuario_id` = `ventas_cabecera`.`usuario_id`
WHERE `ventas_cabecera`.`id` = :ventas_cabecera.id:', [...], false)
 2 APPPATH\Models\ventas_detalle_model.php(28): CodeIgniter\Database\BaseBuilder->get()
 3 APPPATH\Controllers\Ventas_controller.php(94): App\Models\ventas_detalle_model->getDetalles('1')
 4 SYSTEMPATH\CodeIgniter.php(933): App\Controllers\Ventas_controller->ver_factura('1')
 5 SYSTEMPATH\CodeIgniter.php(507): CodeIgniter\CodeIgniter->runController(Object(App\Controllers\Ventas_controller))
 6 SYSTEMPATH\CodeIgniter.php(354): CodeIgniter\CodeIgniter->handleRequest(null, Object(Config\Cache), false)
 7 SYSTEMPATH\Boot.php(334): CodeIgniter\CodeIgniter->run()
 8 SYSTEMPATH\Boot.php(67): CodeIgniter\Boot::runCodeIgniter(Object(CodeIgniter\CodeIgniter))
 9 FCPATH\index.php(56): CodeIgniter\Boot::bootWeb(Object(Config\Paths))
CRITICAL - 2025-06-07 23:01:57 --> [Caused by] CodeIgniter\Database\Exceptions\DatabaseException: Unknown column 'usuarios.usuario_id' in 'on clause'
in SYSTEMPATH\Database\MySQLi\Connection.php on line 332.
 1 SYSTEMPATH\Database\BaseConnection.php(738): CodeIgniter\Database\MySQLi\Connection->execute('SELECT *
FROM `ventas_detalle`
JOIN `ventas_cabecera` ON `ventas_cabecera`.`id` = `ventas_detalle`.`venta_id`
JOIN `productos` ON `productos`.`id` = `ventas_detalle`.`producto_id`
JOIN `usuarios` ON `usuarios`.`usuario_id` = `ventas_cabecera`.`usuario_id`
WHERE `ventas_cabecera`.`id` = \'1\'')
 2 SYSTEMPATH\Database\BaseConnection.php(652): CodeIgniter\Database\BaseConnection->simpleQuery('SELECT *
FROM `ventas_detalle`
JOIN `ventas_cabecera` ON `ventas_cabecera`.`id` = `ventas_detalle`.`venta_id`
JOIN `productos` ON `productos`.`id` = `ventas_detalle`.`producto_id`
JOIN `usuarios` ON `usuarios`.`usuario_id` = `ventas_cabecera`.`usuario_id`
WHERE `ventas_cabecera`.`id` = \'1\'')
 3 SYSTEMPATH\Database\BaseBuilder.php(1649): CodeIgniter\Database\BaseConnection->query('SELECT *
FROM `ventas_detalle`
JOIN `ventas_cabecera` ON `ventas_cabecera`.`id` = `ventas_detalle`.`venta_id`
JOIN `productos` ON `productos`.`id` = `ventas_detalle`.`producto_id`
JOIN `usuarios` ON `usuarios`.`usuario_id` = `ventas_cabecera`.`usuario_id`
WHERE `ventas_cabecera`.`id` = :ventas_cabecera.id:', [...], false)
 4 APPPATH\Models\ventas_detalle_model.php(28): CodeIgniter\Database\BaseBuilder->get()
 5 APPPATH\Controllers\Ventas_controller.php(94): App\Models\ventas_detalle_model->getDetalles('1')
 6 SYSTEMPATH\CodeIgniter.php(933): App\Controllers\Ventas_controller->ver_factura('1')
 7 SYSTEMPATH\CodeIgniter.php(507): CodeIgniter\CodeIgniter->runController(Object(App\Controllers\Ventas_controller))
 8 SYSTEMPATH\CodeIgniter.php(354): CodeIgniter\CodeIgniter->handleRequest(null, Object(Config\Cache), false)
 9 SYSTEMPATH\Boot.php(334): CodeIgniter\CodeIgniter->run()
10 SYSTEMPATH\Boot.php(67): CodeIgniter\Boot::runCodeIgniter(Object(CodeIgniter\CodeIgniter))
11 FCPATH\index.php(56): CodeIgniter\Boot::bootWeb(Object(Config\Paths))
CRITICAL - 2025-06-07 23:01:57 --> [Caused by] mysqli_sql_exception: Unknown column 'usuarios.usuario_id' in 'on clause'
in SYSTEMPATH\Database\MySQLi\Connection.php on line 327.
 1 SYSTEMPATH\Database\MySQLi\Connection.php(327): mysqli->query('SELECT *
FROM `ventas_detalle`
JOIN `ventas_cabecera` ON `ventas_cabecera`.`id` = `ventas_detalle`.`venta_id`
JOIN `productos` ON `productos`.`id` = `ventas_detalle`.`producto_id`
JOIN `usuarios` ON `usuarios`.`usuario_id` = `ventas_cabecera`.`usuario_id`
WHERE `ventas_cabecera`.`id` = \'1\'', 0)
 2 SYSTEMPATH\Database\BaseConnection.php(738): CodeIgniter\Database\MySQLi\Connection->execute('SELECT *
FROM `ventas_detalle`
JOIN `ventas_cabecera` ON `ventas_cabecera`.`id` = `ventas_detalle`.`venta_id`
JOIN `productos` ON `productos`.`id` = `ventas_detalle`.`producto_id`
JOIN `usuarios` ON `usuarios`.`usuario_id` = `ventas_cabecera`.`usuario_id`
WHERE `ventas_cabecera`.`id` = \'1\'')
 3 SYSTEMPATH\Database\BaseConnection.php(652): CodeIgniter\Database\BaseConnection->simpleQuery('SELECT *
FROM `ventas_detalle`
JOIN `ventas_cabecera` ON `ventas_cabecera`.`id` = `ventas_detalle`.`venta_id`
JOIN `productos` ON `productos`.`id` = `ventas_detalle`.`producto_id`
JOIN `usuarios` ON `usuarios`.`usuario_id` = `ventas_cabecera`.`usuario_id`
WHERE `ventas_cabecera`.`id` = \'1\'')
 4 SYSTEMPATH\Database\BaseBuilder.php(1649): CodeIgniter\Database\BaseConnection->query('SELECT *
FROM `ventas_detalle`
JOIN `ventas_cabecera` ON `ventas_cabecera`.`id` = `ventas_detalle`.`venta_id`
JOIN `productos` ON `productos`.`id` = `ventas_detalle`.`producto_id`
JOIN `usuarios` ON `usuarios`.`usuario_id` = `ventas_cabecera`.`usuario_id`
WHERE `ventas_cabecera`.`id` = :ventas_cabecera.id:', [...], false)
 5 APPPATH\Models\ventas_detalle_model.php(28): CodeIgniter\Database\BaseBuilder->get()
 6 APPPATH\Controllers\Ventas_controller.php(94): App\Models\ventas_detalle_model->getDetalles('1')
 7 SYSTEMPATH\CodeIgniter.php(933): App\Controllers\Ventas_controller->ver_factura('1')
 8 SYSTEMPATH\CodeIgniter.php(507): CodeIgniter\CodeIgniter->runController(Object(App\Controllers\Ventas_controller))
 9 SYSTEMPATH\CodeIgniter.php(354): CodeIgniter\CodeIgniter->handleRequest(null, Object(Config\Cache), false)
10 SYSTEMPATH\Boot.php(334): CodeIgniter\CodeIgniter->run()
11 SYSTEMPATH\Boot.php(67): CodeIgniter\Boot::runCodeIgniter(Object(CodeIgniter\CodeIgniter))
12 FCPATH\index.php(56): CodeIgniter\Boot::bootWeb(Object(Config\Paths))
ERROR - 2025-06-07 23:02:04 --> mysqli_sql_exception: Unknown column 'usuarios.usuario_id' in 'on clause' in C:\xampp\htdocs\tlphone\system\Database\MySQLi\Connection.php:327
Stack trace:
#0 C:\xampp\htdocs\tlphone\system\Database\MySQLi\Connection.php(327): mysqli->query('SELECT *\nFROM `...', 0)
#1 C:\xampp\htdocs\tlphone\system\Database\BaseConnection.php(738): CodeIgniter\Database\MySQLi\Connection->execute('SELECT *\nFROM `...')
#2 C:\xampp\htdocs\tlphone\system\Database\BaseConnection.php(652): CodeIgniter\Database\BaseConnection->simpleQuery('SELECT *\nFROM `...')
#3 C:\xampp\htdocs\tlphone\system\Database\BaseBuilder.php(1649): CodeIgniter\Database\BaseConnection->query('SELECT *\nFROM `...', Array, false)
#4 C:\xampp\htdocs\tlphone\app\Models\ventas_detalle_model.php(28): CodeIgniter\Database\BaseBuilder->get()
#5 C:\xampp\htdocs\tlphone\app\Controllers\Ventas_controller.php(94): App\Models\ventas_detalle_model->getDetalles('1')
#6 C:\xampp\htdocs\tlphone\system\CodeIgniter.php(933): App\Controllers\Ventas_controller->ver_factura('1')
#7 C:\xampp\htdocs\tlphone\system\CodeIgniter.php(507): CodeIgniter\CodeIgniter->runController(Object(App\Controllers\Ventas_controller))
#8 C:\xampp\htdocs\tlphone\system\CodeIgniter.php(354): CodeIgniter\CodeIgniter->handleRequest(NULL, Object(Config\Cache), false)
#9 C:\xampp\htdocs\tlphone\system\Boot.php(334): CodeIgniter\CodeIgniter->run()
#10 C:\xampp\htdocs\tlphone\system\Boot.php(67): CodeIgniter\Boot::runCodeIgniter(Object(CodeIgniter\CodeIgniter))
#11 C:\xampp\htdocs\tlphone\index.php(56): CodeIgniter\Boot::bootWeb(Object(Config\Paths))
#12 {main}
CRITICAL - 2025-06-07 23:02:04 --> CodeIgniter\Database\Exceptions\DatabaseException: Unknown column 'usuarios.usuario_id' in 'on clause'
[Method: GET, Route: ventas/ver_factura/1]
in SYSTEMPATH\Database\BaseConnection.php on line 692.
 1 SYSTEMPATH\Database\BaseBuilder.php(1649): CodeIgniter\Database\BaseConnection->query('SELECT *
FROM `ventas_detalle`
JOIN `ventas_cabecera` ON `ventas_cabecera`.`id` = `ventas_detalle`.`venta_id`
JOIN `productos` ON `productos`.`id` = `ventas_detalle`.`producto_id`
JOIN `usuarios` ON `usuarios`.`usuario_id` = `ventas_cabecera`.`usuario_id`
WHERE `ventas_cabecera`.`id` = :ventas_cabecera.id:', [...], false)
 2 APPPATH\Models\ventas_detalle_model.php(28): CodeIgniter\Database\BaseBuilder->get()
 3 APPPATH\Controllers\Ventas_controller.php(94): App\Models\ventas_detalle_model->getDetalles('1')
 4 SYSTEMPATH\CodeIgniter.php(933): App\Controllers\Ventas_controller->ver_factura('1')
 5 SYSTEMPATH\CodeIgniter.php(507): CodeIgniter\CodeIgniter->runController(Object(App\Controllers\Ventas_controller))
 6 SYSTEMPATH\CodeIgniter.php(354): CodeIgniter\CodeIgniter->handleRequest(null, Object(Config\Cache), false)
 7 SYSTEMPATH\Boot.php(334): CodeIgniter\CodeIgniter->run()
 8 SYSTEMPATH\Boot.php(67): CodeIgniter\Boot::runCodeIgniter(Object(CodeIgniter\CodeIgniter))
 9 FCPATH\index.php(56): CodeIgniter\Boot::bootWeb(Object(Config\Paths))
CRITICAL - 2025-06-07 23:02:04 --> [Caused by] CodeIgniter\Database\Exceptions\DatabaseException: Unknown column 'usuarios.usuario_id' in 'on clause'
in SYSTEMPATH\Database\MySQLi\Connection.php on line 332.
 1 SYSTEMPATH\Database\BaseConnection.php(738): CodeIgniter\Database\MySQLi\Connection->execute('SELECT *
FROM `ventas_detalle`
JOIN `ventas_cabecera` ON `ventas_cabecera`.`id` = `ventas_detalle`.`venta_id`
JOIN `productos` ON `productos`.`id` = `ventas_detalle`.`producto_id`
JOIN `usuarios` ON `usuarios`.`usuario_id` = `ventas_cabecera`.`usuario_id`
WHERE `ventas_cabecera`.`id` = \'1\'')
 2 SYSTEMPATH\Database\BaseConnection.php(652): CodeIgniter\Database\BaseConnection->simpleQuery('SELECT *
FROM `ventas_detalle`
JOIN `ventas_cabecera` ON `ventas_cabecera`.`id` = `ventas_detalle`.`venta_id`
JOIN `productos` ON `productos`.`id` = `ventas_detalle`.`producto_id`
JOIN `usuarios` ON `usuarios`.`usuario_id` = `ventas_cabecera`.`usuario_id`
WHERE `ventas_cabecera`.`id` = \'1\'')
 3 SYSTEMPATH\Database\BaseBuilder.php(1649): CodeIgniter\Database\BaseConnection->query('SELECT *
FROM `ventas_detalle`
JOIN `ventas_cabecera` ON `ventas_cabecera`.`id` = `ventas_detalle`.`venta_id`
JOIN `productos` ON `productos`.`id` = `ventas_detalle`.`producto_id`
JOIN `usuarios` ON `usuarios`.`usuario_id` = `ventas_cabecera`.`usuario_id`
WHERE `ventas_cabecera`.`id` = :ventas_cabecera.id:', [...], false)
 4 APPPATH\Models\ventas_detalle_model.php(28): CodeIgniter\Database\BaseBuilder->get()
 5 APPPATH\Controllers\Ventas_controller.php(94): App\Models\ventas_detalle_model->getDetalles('1')
 6 SYSTEMPATH\CodeIgniter.php(933): App\Controllers\Ventas_controller->ver_factura('1')
 7 SYSTEMPATH\CodeIgniter.php(507): CodeIgniter\CodeIgniter->runController(Object(App\Controllers\Ventas_controller))
 8 SYSTEMPATH\CodeIgniter.php(354): CodeIgniter\CodeIgniter->handleRequest(null, Object(Config\Cache), false)
 9 SYSTEMPATH\Boot.php(334): CodeIgniter\CodeIgniter->run()
10 SYSTEMPATH\Boot.php(67): CodeIgniter\Boot::runCodeIgniter(Object(CodeIgniter\CodeIgniter))
11 FCPATH\index.php(56): CodeIgniter\Boot::bootWeb(Object(Config\Paths))
CRITICAL - 2025-06-07 23:02:04 --> [Caused by] mysqli_sql_exception: Unknown column 'usuarios.usuario_id' in 'on clause'
in SYSTEMPATH\Database\MySQLi\Connection.php on line 327.
 1 SYSTEMPATH\Database\MySQLi\Connection.php(327): mysqli->query('SELECT *
FROM `ventas_detalle`
JOIN `ventas_cabecera` ON `ventas_cabecera`.`id` = `ventas_detalle`.`venta_id`
JOIN `productos` ON `productos`.`id` = `ventas_detalle`.`producto_id`
JOIN `usuarios` ON `usuarios`.`usuario_id` = `ventas_cabecera`.`usuario_id`
WHERE `ventas_cabecera`.`id` = \'1\'', 0)
 2 SYSTEMPATH\Database\BaseConnection.php(738): CodeIgniter\Database\MySQLi\Connection->execute('SELECT *
FROM `ventas_detalle`
JOIN `ventas_cabecera` ON `ventas_cabecera`.`id` = `ventas_detalle`.`venta_id`
JOIN `productos` ON `productos`.`id` = `ventas_detalle`.`producto_id`
JOIN `usuarios` ON `usuarios`.`usuario_id` = `ventas_cabecera`.`usuario_id`
WHERE `ventas_cabecera`.`id` = \'1\'')
 3 SYSTEMPATH\Database\BaseConnection.php(652): CodeIgniter\Database\BaseConnection->simpleQuery('SELECT *
FROM `ventas_detalle`
JOIN `ventas_cabecera` ON `ventas_cabecera`.`id` = `ventas_detalle`.`venta_id`
JOIN `productos` ON `productos`.`id` = `ventas_detalle`.`producto_id`
JOIN `usuarios` ON `usuarios`.`usuario_id` = `ventas_cabecera`.`usuario_id`
WHERE `ventas_cabecera`.`id` = \'1\'')
 4 SYSTEMPATH\Database\BaseBuilder.php(1649): CodeIgniter\Database\BaseConnection->query('SELECT *
FROM `ventas_detalle`
JOIN `ventas_cabecera` ON `ventas_cabecera`.`id` = `ventas_detalle`.`venta_id`
JOIN `productos` ON `productos`.`id` = `ventas_detalle`.`producto_id`
JOIN `usuarios` ON `usuarios`.`usuario_id` = `ventas_cabecera`.`usuario_id`
WHERE `ventas_cabecera`.`id` = :ventas_cabecera.id:', [...], false)
 5 APPPATH\Models\ventas_detalle_model.php(28): CodeIgniter\Database\BaseBuilder->get()
 6 APPPATH\Controllers\Ventas_controller.php(94): App\Models\ventas_detalle_model->getDetalles('1')
 7 SYSTEMPATH\CodeIgniter.php(933): App\Controllers\Ventas_controller->ver_factura('1')
 8 SYSTEMPATH\CodeIgniter.php(507): CodeIgniter\CodeIgniter->runController(Object(App\Controllers\Ventas_controller))
 9 SYSTEMPATH\CodeIgniter.php(354): CodeIgniter\CodeIgniter->handleRequest(null, Object(Config\Cache), false)
10 SYSTEMPATH\Boot.php(334): CodeIgniter\CodeIgniter->run()
11 SYSTEMPATH\Boot.php(67): CodeIgniter\Boot::runCodeIgniter(Object(CodeIgniter\CodeIgniter))
12 FCPATH\index.php(56): CodeIgniter\Boot::bootWeb(Object(Config\Paths))
ERROR - 2025-06-07 23:05:34 --> mysqli_sql_exception: Unknown column 'usuarios.id' in 'on clause' in C:\xampp\htdocs\tlphone\system\Database\MySQLi\Connection.php:327
Stack trace:
#0 C:\xampp\htdocs\tlphone\system\Database\MySQLi\Connection.php(327): mysqli->query('SELECT *\nFROM `...', 0)
#1 C:\xampp\htdocs\tlphone\system\Database\BaseConnection.php(738): CodeIgniter\Database\MySQLi\Connection->execute('SELECT *\nFROM `...')
#2 C:\xampp\htdocs\tlphone\system\Database\BaseConnection.php(652): CodeIgniter\Database\BaseConnection->simpleQuery('SELECT *\nFROM `...')
#3 C:\xampp\htdocs\tlphone\system\Database\BaseBuilder.php(1649): CodeIgniter\Database\BaseConnection->query('SELECT *\nFROM `...', Array, false)
#4 C:\xampp\htdocs\tlphone\app\Models\ventas_detalle_model.php(29): CodeIgniter\Database\BaseBuilder->get()
#5 C:\xampp\htdocs\tlphone\app\Controllers\Ventas_controller.php(94): App\Models\ventas_detalle_model->getDetalles('1')
#6 C:\xampp\htdocs\tlphone\system\CodeIgniter.php(933): App\Controllers\Ventas_controller->ver_factura('1')
#7 C:\xampp\htdocs\tlphone\system\CodeIgniter.php(507): CodeIgniter\CodeIgniter->runController(Object(App\Controllers\Ventas_controller))
#8 C:\xampp\htdocs\tlphone\system\CodeIgniter.php(354): CodeIgniter\CodeIgniter->handleRequest(NULL, Object(Config\Cache), false)
#9 C:\xampp\htdocs\tlphone\system\Boot.php(334): CodeIgniter\CodeIgniter->run()
#10 C:\xampp\htdocs\tlphone\system\Boot.php(67): CodeIgniter\Boot::runCodeIgniter(Object(CodeIgniter\CodeIgniter))
#11 C:\xampp\htdocs\tlphone\index.php(56): CodeIgniter\Boot::bootWeb(Object(Config\Paths))
#12 {main}
CRITICAL - 2025-06-07 23:05:34 --> CodeIgniter\Database\Exceptions\DatabaseException: Unknown column 'usuarios.id' in 'on clause'
[Method: GET, Route: ventas/ver_factura/1]
in SYSTEMPATH\Database\BaseConnection.php on line 692.
 1 SYSTEMPATH\Database\BaseBuilder.php(1649): CodeIgniter\Database\BaseConnection->query('SELECT *
FROM `ventas_detalle`
JOIN `ventas_cabecera` ON `ventas_cabecera`.`id` = `ventas_detalle`.`venta_id`
JOIN `productos` ON `productos`.`id` = `ventas_detalle`.`producto_id`
JOIN `usuarios` ON `usuarios`.`id` = `ventas_cabecera`.`usuario_id`
WHERE `ventas_cabecera`.`id` = :ventas_cabecera.id:', [...], false)
 2 APPPATH\Models\ventas_detalle_model.php(29): CodeIgniter\Database\BaseBuilder->get()
 3 APPPATH\Controllers\Ventas_controller.php(94): App\Models\ventas_detalle_model->getDetalles('1')
 4 SYSTEMPATH\CodeIgniter.php(933): App\Controllers\Ventas_controller->ver_factura('1')
 5 SYSTEMPATH\CodeIgniter.php(507): CodeIgniter\CodeIgniter->runController(Object(App\Controllers\Ventas_controller))
 6 SYSTEMPATH\CodeIgniter.php(354): CodeIgniter\CodeIgniter->handleRequest(null, Object(Config\Cache), false)
 7 SYSTEMPATH\Boot.php(334): CodeIgniter\CodeIgniter->run()
 8 SYSTEMPATH\Boot.php(67): CodeIgniter\Boot::runCodeIgniter(Object(CodeIgniter\CodeIgniter))
 9 FCPATH\index.php(56): CodeIgniter\Boot::bootWeb(Object(Config\Paths))
CRITICAL - 2025-06-07 23:05:34 --> [Caused by] CodeIgniter\Database\Exceptions\DatabaseException: Unknown column 'usuarios.id' in 'on clause'
in SYSTEMPATH\Database\MySQLi\Connection.php on line 332.
 1 SYSTEMPATH\Database\BaseConnection.php(738): CodeIgniter\Database\MySQLi\Connection->execute('SELECT *
FROM `ventas_detalle`
JOIN `ventas_cabecera` ON `ventas_cabecera`.`id` = `ventas_detalle`.`venta_id`
JOIN `productos` ON `productos`.`id` = `ventas_detalle`.`producto_id`
JOIN `usuarios` ON `usuarios`.`id` = `ventas_cabecera`.`usuario_id`
WHERE `ventas_cabecera`.`id` = \'1\'')
 2 SYSTEMPATH\Database\BaseConnection.php(652): CodeIgniter\Database\BaseConnection->simpleQuery('SELECT *
FROM `ventas_detalle`
JOIN `ventas_cabecera` ON `ventas_cabecera`.`id` = `ventas_detalle`.`venta_id`
JOIN `productos` ON `productos`.`id` = `ventas_detalle`.`producto_id`
JOIN `usuarios` ON `usuarios`.`id` = `ventas_cabecera`.`usuario_id`
WHERE `ventas_cabecera`.`id` = \'1\'')
 3 SYSTEMPATH\Database\BaseBuilder.php(1649): CodeIgniter\Database\BaseConnection->query('SELECT *
FROM `ventas_detalle`
JOIN `ventas_cabecera` ON `ventas_cabecera`.`id` = `ventas_detalle`.`venta_id`
JOIN `productos` ON `productos`.`id` = `ventas_detalle`.`producto_id`
JOIN `usuarios` ON `usuarios`.`id` = `ventas_cabecera`.`usuario_id`
WHERE `ventas_cabecera`.`id` = :ventas_cabecera.id:', [...], false)
 4 APPPATH\Models\ventas_detalle_model.php(29): CodeIgniter\Database\BaseBuilder->get()
 5 APPPATH\Controllers\Ventas_controller.php(94): App\Models\ventas_detalle_model->getDetalles('1')
 6 SYSTEMPATH\CodeIgniter.php(933): App\Controllers\Ventas_controller->ver_factura('1')
 7 SYSTEMPATH\CodeIgniter.php(507): CodeIgniter\CodeIgniter->runController(Object(App\Controllers\Ventas_controller))
 8 SYSTEMPATH\CodeIgniter.php(354): CodeIgniter\CodeIgniter->handleRequest(null, Object(Config\Cache), false)
 9 SYSTEMPATH\Boot.php(334): CodeIgniter\CodeIgniter->run()
10 SYSTEMPATH\Boot.php(67): CodeIgniter\Boot::runCodeIgniter(Object(CodeIgniter\CodeIgniter))
11 FCPATH\index.php(56): CodeIgniter\Boot::bootWeb(Object(Config\Paths))
CRITICAL - 2025-06-07 23:05:34 --> [Caused by] mysqli_sql_exception: Unknown column 'usuarios.id' in 'on clause'
in SYSTEMPATH\Database\MySQLi\Connection.php on line 327.
 1 SYSTEMPATH\Database\MySQLi\Connection.php(327): mysqli->query('SELECT *
FROM `ventas_detalle`
JOIN `ventas_cabecera` ON `ventas_cabecera`.`id` = `ventas_detalle`.`venta_id`
JOIN `productos` ON `productos`.`id` = `ventas_detalle`.`producto_id`
JOIN `usuarios` ON `usuarios`.`id` = `ventas_cabecera`.`usuario_id`
WHERE `ventas_cabecera`.`id` = \'1\'', 0)
 2 SYSTEMPATH\Database\BaseConnection.php(738): CodeIgniter\Database\MySQLi\Connection->execute('SELECT *
FROM `ventas_detalle`
JOIN `ventas_cabecera` ON `ventas_cabecera`.`id` = `ventas_detalle`.`venta_id`
JOIN `productos` ON `productos`.`id` = `ventas_detalle`.`producto_id`
JOIN `usuarios` ON `usuarios`.`id` = `ventas_cabecera`.`usuario_id`
WHERE `ventas_cabecera`.`id` = \'1\'')
 3 SYSTEMPATH\Database\BaseConnection.php(652): CodeIgniter\Database\BaseConnection->simpleQuery('SELECT *
FROM `ventas_detalle`
JOIN `ventas_cabecera` ON `ventas_cabecera`.`id` = `ventas_detalle`.`venta_id`
JOIN `productos` ON `productos`.`id` = `ventas_detalle`.`producto_id`
JOIN `usuarios` ON `usuarios`.`id` = `ventas_cabecera`.`usuario_id`
WHERE `ventas_cabecera`.`id` = \'1\'')
 4 SYSTEMPATH\Database\BaseBuilder.php(1649): CodeIgniter\Database\BaseConnection->query('SELECT *
FROM `ventas_detalle`
JOIN `ventas_cabecera` ON `ventas_cabecera`.`id` = `ventas_detalle`.`venta_id`
JOIN `productos` ON `productos`.`id` = `ventas_detalle`.`producto_id`
JOIN `usuarios` ON `usuarios`.`id` = `ventas_cabecera`.`usuario_id`
WHERE `ventas_cabecera`.`id` = :ventas_cabecera.id:', [...], false)
 5 APPPATH\Models\ventas_detalle_model.php(29): CodeIgniter\Database\BaseBuilder->get()
 6 APPPATH\Controllers\Ventas_controller.php(94): App\Models\ventas_detalle_model->getDetalles('1')
 7 SYSTEMPATH\CodeIgniter.php(933): App\Controllers\Ventas_controller->ver_factura('1')
 8 SYSTEMPATH\CodeIgniter.php(507): CodeIgniter\CodeIgniter->runController(Object(App\Controllers\Ventas_controller))
 9 SYSTEMPATH\CodeIgniter.php(354): CodeIgniter\CodeIgniter->handleRequest(null, Object(Config\Cache), false)
10 SYSTEMPATH\Boot.php(334): CodeIgniter\CodeIgniter->run()
11 SYSTEMPATH\Boot.php(67): CodeIgniter\Boot::runCodeIgniter(Object(CodeIgniter\CodeIgniter))
12 FCPATH\index.php(56): CodeIgniter\Boot::bootWeb(Object(Config\Paths))
ERROR - 2025-06-07 23:05:44 --> mysqli_sql_exception: Unknown column 'usuarios.id' in 'on clause' in C:\xampp\htdocs\tlphone\system\Database\MySQLi\Connection.php:327
Stack trace:
#0 C:\xampp\htdocs\tlphone\system\Database\MySQLi\Connection.php(327): mysqli->query('SELECT *\nFROM `...', 0)
#1 C:\xampp\htdocs\tlphone\system\Database\BaseConnection.php(738): CodeIgniter\Database\MySQLi\Connection->execute('SELECT *\nFROM `...')
#2 C:\xampp\htdocs\tlphone\system\Database\BaseConnection.php(652): CodeIgniter\Database\BaseConnection->simpleQuery('SELECT *\nFROM `...')
#3 C:\xampp\htdocs\tlphone\system\Database\BaseBuilder.php(1649): CodeIgniter\Database\BaseConnection->query('SELECT *\nFROM `...', Array, false)
#4 C:\xampp\htdocs\tlphone\app\Models\ventas_detalle_model.php(29): CodeIgniter\Database\BaseBuilder->get()
#5 C:\xampp\htdocs\tlphone\app\Controllers\Ventas_controller.php(94): App\Models\ventas_detalle_model->getDetalles('1')
#6 C:\xampp\htdocs\tlphone\system\CodeIgniter.php(933): App\Controllers\Ventas_controller->ver_factura('1')
#7 C:\xampp\htdocs\tlphone\system\CodeIgniter.php(507): CodeIgniter\CodeIgniter->runController(Object(App\Controllers\Ventas_controller))
#8 C:\xampp\htdocs\tlphone\system\CodeIgniter.php(354): CodeIgniter\CodeIgniter->handleRequest(NULL, Object(Config\Cache), false)
#9 C:\xampp\htdocs\tlphone\system\Boot.php(334): CodeIgniter\CodeIgniter->run()
#10 C:\xampp\htdocs\tlphone\system\Boot.php(67): CodeIgniter\Boot::runCodeIgniter(Object(CodeIgniter\CodeIgniter))
#11 C:\xampp\htdocs\tlphone\index.php(56): CodeIgniter\Boot::bootWeb(Object(Config\Paths))
#12 {main}
CRITICAL - 2025-06-07 23:05:44 --> CodeIgniter\Database\Exceptions\DatabaseException: Unknown column 'usuarios.id' in 'on clause'
[Method: GET, Route: ventas/ver_factura/1]
in SYSTEMPATH\Database\BaseConnection.php on line 692.
 1 SYSTEMPATH\Database\BaseBuilder.php(1649): CodeIgniter\Database\BaseConnection->query('SELECT *
FROM `ventas_detalle`
JOIN `ventas_cabecera` ON `ventas_cabecera`.`id` = `ventas_detalle`.`venta_id`
JOIN `productos` ON `productos`.`id` = `ventas_detalle`.`producto_id`
JOIN `usuarios` ON `usuarios`.`id` = `ventas_cabecera`.`usuario_id`
WHERE `ventas_cabecera`.`id` = :ventas_cabecera.id:', [...], false)
 2 APPPATH\Models\ventas_detalle_model.php(29): CodeIgniter\Database\BaseBuilder->get()
 3 APPPATH\Controllers\Ventas_controller.php(94): App\Models\ventas_detalle_model->getDetalles('1')
 4 SYSTEMPATH\CodeIgniter.php(933): App\Controllers\Ventas_controller->ver_factura('1')
 5 SYSTEMPATH\CodeIgniter.php(507): CodeIgniter\CodeIgniter->runController(Object(App\Controllers\Ventas_controller))
 6 SYSTEMPATH\CodeIgniter.php(354): CodeIgniter\CodeIgniter->handleRequest(null, Object(Config\Cache), false)
 7 SYSTEMPATH\Boot.php(334): CodeIgniter\CodeIgniter->run()
 8 SYSTEMPATH\Boot.php(67): CodeIgniter\Boot::runCodeIgniter(Object(CodeIgniter\CodeIgniter))
 9 FCPATH\index.php(56): CodeIgniter\Boot::bootWeb(Object(Config\Paths))
CRITICAL - 2025-06-07 23:05:44 --> [Caused by] CodeIgniter\Database\Exceptions\DatabaseException: Unknown column 'usuarios.id' in 'on clause'
in SYSTEMPATH\Database\MySQLi\Connection.php on line 332.
 1 SYSTEMPATH\Database\BaseConnection.php(738): CodeIgniter\Database\MySQLi\Connection->execute('SELECT *
FROM `ventas_detalle`
JOIN `ventas_cabecera` ON `ventas_cabecera`.`id` = `ventas_detalle`.`venta_id`
JOIN `productos` ON `productos`.`id` = `ventas_detalle`.`producto_id`
JOIN `usuarios` ON `usuarios`.`id` = `ventas_cabecera`.`usuario_id`
WHERE `ventas_cabecera`.`id` = \'1\'')
 2 SYSTEMPATH\Database\BaseConnection.php(652): CodeIgniter\Database\BaseConnection->simpleQuery('SELECT *
FROM `ventas_detalle`
JOIN `ventas_cabecera` ON `ventas_cabecera`.`id` = `ventas_detalle`.`venta_id`
JOIN `productos` ON `productos`.`id` = `ventas_detalle`.`producto_id`
JOIN `usuarios` ON `usuarios`.`id` = `ventas_cabecera`.`usuario_id`
WHERE `ventas_cabecera`.`id` = \'1\'')
 3 SYSTEMPATH\Database\BaseBuilder.php(1649): CodeIgniter\Database\BaseConnection->query('SELECT *
FROM `ventas_detalle`
JOIN `ventas_cabecera` ON `ventas_cabecera`.`id` = `ventas_detalle`.`venta_id`
JOIN `productos` ON `productos`.`id` = `ventas_detalle`.`producto_id`
JOIN `usuarios` ON `usuarios`.`id` = `ventas_cabecera`.`usuario_id`
WHERE `ventas_cabecera`.`id` = :ventas_cabecera.id:', [...], false)
 4 APPPATH\Models\ventas_detalle_model.php(29): CodeIgniter\Database\BaseBuilder->get()
 5 APPPATH\Controllers\Ventas_controller.php(94): App\Models\ventas_detalle_model->getDetalles('1')
 6 SYSTEMPATH\CodeIgniter.php(933): App\Controllers\Ventas_controller->ver_factura('1')
 7 SYSTEMPATH\CodeIgniter.php(507): CodeIgniter\CodeIgniter->runController(Object(App\Controllers\Ventas_controller))
 8 SYSTEMPATH\CodeIgniter.php(354): CodeIgniter\CodeIgniter->handleRequest(null, Object(Config\Cache), false)
 9 SYSTEMPATH\Boot.php(334): CodeIgniter\CodeIgniter->run()
10 SYSTEMPATH\Boot.php(67): CodeIgniter\Boot::runCodeIgniter(Object(CodeIgniter\CodeIgniter))
11 FCPATH\index.php(56): CodeIgniter\Boot::bootWeb(Object(Config\Paths))
CRITICAL - 2025-06-07 23:05:44 --> [Caused by] mysqli_sql_exception: Unknown column 'usuarios.id' in 'on clause'
in SYSTEMPATH\Database\MySQLi\Connection.php on line 327.
 1 SYSTEMPATH\Database\MySQLi\Connection.php(327): mysqli->query('SELECT *
FROM `ventas_detalle`
JOIN `ventas_cabecera` ON `ventas_cabecera`.`id` = `ventas_detalle`.`venta_id`
JOIN `productos` ON `productos`.`id` = `ventas_detalle`.`producto_id`
JOIN `usuarios` ON `usuarios`.`id` = `ventas_cabecera`.`usuario_id`
WHERE `ventas_cabecera`.`id` = \'1\'', 0)
 2 SYSTEMPATH\Database\BaseConnection.php(738): CodeIgniter\Database\MySQLi\Connection->execute('SELECT *
FROM `ventas_detalle`
JOIN `ventas_cabecera` ON `ventas_cabecera`.`id` = `ventas_detalle`.`venta_id`
JOIN `productos` ON `productos`.`id` = `ventas_detalle`.`producto_id`
JOIN `usuarios` ON `usuarios`.`id` = `ventas_cabecera`.`usuario_id`
WHERE `ventas_cabecera`.`id` = \'1\'')
 3 SYSTEMPATH\Database\BaseConnection.php(652): CodeIgniter\Database\BaseConnection->simpleQuery('SELECT *
FROM `ventas_detalle`
JOIN `ventas_cabecera` ON `ventas_cabecera`.`id` = `ventas_detalle`.`venta_id`
JOIN `productos` ON `productos`.`id` = `ventas_detalle`.`producto_id`
JOIN `usuarios` ON `usuarios`.`id` = `ventas_cabecera`.`usuario_id`
WHERE `ventas_cabecera`.`id` = \'1\'')
 4 SYSTEMPATH\Database\BaseBuilder.php(1649): CodeIgniter\Database\BaseConnection->query('SELECT *
FROM `ventas_detalle`
JOIN `ventas_cabecera` ON `ventas_cabecera`.`id` = `ventas_detalle`.`venta_id`
JOIN `productos` ON `productos`.`id` = `ventas_detalle`.`producto_id`
JOIN `usuarios` ON `usuarios`.`id` = `ventas_cabecera`.`usuario_id`
WHERE `ventas_cabecera`.`id` = :ventas_cabecera.id:', [...], false)
 5 APPPATH\Models\ventas_detalle_model.php(29): CodeIgniter\Database\BaseBuilder->get()
 6 APPPATH\Controllers\Ventas_controller.php(94): App\Models\ventas_detalle_model->getDetalles('1')
 7 SYSTEMPATH\CodeIgniter.php(933): App\Controllers\Ventas_controller->ver_factura('1')
 8 SYSTEMPATH\CodeIgniter.php(507): CodeIgniter\CodeIgniter->runController(Object(App\Controllers\Ventas_controller))
 9 SYSTEMPATH\CodeIgniter.php(354): CodeIgniter\CodeIgniter->handleRequest(null, Object(Config\Cache), false)
10 SYSTEMPATH\Boot.php(334): CodeIgniter\CodeIgniter->run()
11 SYSTEMPATH\Boot.php(67): CodeIgniter\Boot::runCodeIgniter(Object(CodeIgniter\CodeIgniter))
12 FCPATH\index.php(56): CodeIgniter\Boot::bootWeb(Object(Config\Paths))
CRITICAL - 2025-06-07 23:07:31 --> ErrorException: Undefined array key "total"
[Method: GET, Route: ventas/ver_factura/1]
in APPPATH\Views\back\compras\ver_factura_usuario.php on line 5.
 1 APPPATH\Views\back\compras\ver_factura_usuario.php(5): CodeIgniter\Debug\Exceptions->errorHandler(2, 'Undefined array key "total"', 'C:\\xampp\\htdocs\\tlphone\\app\\Views\\back\\compras\\ver_factura_usuario.php', 5)
 2 SYSTEMPATH\View\View.php(224): include('C:\\xampp\\htdocs\\tlphone\\app\\Views\\back\\compras\\ver_factura_usuario.php')
 3 SYSTEMPATH\View\View.php(227): CodeIgniter\View\View->CodeIgniter\View\{closure}()
 4 SYSTEMPATH\Common.php(1173): CodeIgniter\View\View->render('back/compras/ver_factura_usuario', [], true)
 5 APPPATH\Controllers\Ventas_controller.php(108): view('back/compras/ver_factura_usuario', [...])
 6 SYSTEMPATH\CodeIgniter.php(933): App\Controllers\Ventas_controller->ver_factura('1')
 7 SYSTEMPATH\CodeIgniter.php(507): CodeIgniter\CodeIgniter->runController(Object(App\Controllers\Ventas_controller))
 8 SYSTEMPATH\CodeIgniter.php(354): CodeIgniter\CodeIgniter->handleRequest(null, Object(Config\Cache), false)
 9 SYSTEMPATH\Boot.php(334): CodeIgniter\CodeIgniter->run()
10 SYSTEMPATH\Boot.php(67): CodeIgniter\Boot::runCodeIgniter(Object(CodeIgniter\CodeIgniter))
11 FCPATH\index.php(56): CodeIgniter\Boot::bootWeb(Object(Config\Paths))
CRITICAL - 2025-06-07 23:10:04 --> ErrorException: Undefined array key "subtotal"
[Method: GET, Route: ventas/ver_factura/1]
in APPPATH\Views\back\compras\ver_factura_usuario.php on line 23.
 1 APPPATH\Views\back\compras\ver_factura_usuario.php(23): CodeIgniter\Debug\Exceptions->errorHandler(2, 'Undefined array key "subtotal"', 'C:\\xampp\\htdocs\\tlphone\\app\\Views\\back\\compras\\ver_factura_usuario.php', 23)
 2 SYSTEMPATH\View\View.php(224): include('C:\\xampp\\htdocs\\tlphone\\app\\Views\\back\\compras\\ver_factura_usuario.php')
 3 SYSTEMPATH\View\View.php(227): CodeIgniter\View\View->CodeIgniter\View\{closure}()
 4 SYSTEMPATH\Common.php(1173): CodeIgniter\View\View->render('back/compras/ver_factura_usuario', [], true)
 5 APPPATH\Controllers\Ventas_controller.php(108): view('back/compras/ver_factura_usuario', [...])
 6 SYSTEMPATH\CodeIgniter.php(933): App\Controllers\Ventas_controller->ver_factura('1')
 7 SYSTEMPATH\CodeIgniter.php(507): CodeIgniter\CodeIgniter->runController(Object(App\Controllers\Ventas_controller))
 8 SYSTEMPATH\CodeIgniter.php(354): CodeIgniter\CodeIgniter->handleRequest(null, Object(Config\Cache), false)
 9 SYSTEMPATH\Boot.php(334): CodeIgniter\CodeIgniter->run()
10 SYSTEMPATH\Boot.php(67): CodeIgniter\Boot::runCodeIgniter(Object(CodeIgniter\CodeIgniter))
11 FCPATH\index.php(56): CodeIgniter\Boot::bootWeb(Object(Config\Paths))
